#
# There is insufficient memory for the Java Runtime Environment to continue.
# Native memory allocation (malloc) failed to allocate 32744 bytes for ChunkPool::allocate
# Possible reasons:
#   The system is out of physical RAM or swap space
#   The process is running with CompressedOops enabled, and the Java Heap may be blocking the growth of the native heap
# Possible solutions:
#   Reduce memory load on the system
#   Increase physical memory or swap space
#   Check if swap backing store is full
#   Decrease Java heap size (-Xmx/-Xms)
#   Decrease number of Java threads
#   Decrease Java thread stack sizes (-Xss)
#   Set larger code cache with -XX:ReservedCodeCacheSize=
#   JVM is running with Unscaled Compressed Oops mode in which the Java heap is
#     placed in the first 4GB address space. The Java Heap base address is the
#     maximum limit for the native heap growth. Please use -XX:HeapBaseMinAddress
#     to set the Java Heap base and to place the Java Heap above 4GB virtual address.
# This output file may be truncated or incomplete.
#
#  Out of Memory Error (allocation.cpp:272), pid=25556, tid=0x0000000000002f1c
#
# JRE version: OpenJDK Runtime Environment (8.0_212-b04) (build 1.8.0_212-release-1586-b04)
# Java VM: OpenJDK 64-Bit Server VM (25.212-b04 mixed mode windows-amd64 compressed oops)
# Failed to write core dump. Minidumps are not enabled by default on client versions of Windows
#

---------------  T H R E A D  ---------------

Current thread (0x000000001674c800):  JavaThread "C2 CompilerThread1" daemon [_thread_in_native, id=12060, stack(0x0000000017ea0000,0x0000000017fa0000)]

Stack: [0x0000000017ea0000,0x0000000017fa0000]
[error occurred during error reporting (printing stack bounds), id 0xc0000005]

Native frames: (J=compiled Java code, j=interpreted, Vv=VM code, C=native code)


Current CompileTask:
C2:   3969 1426       4       java.net.URLClassLoader$1::run (5 bytes)


---------------  P R O C E S S  ---------------

Java Threads: ( => current thread )
  0x000000001a386000 JavaThread "Cache worker for journal cache (C:\Users\Admin\.gradle\caches\journal-1)" [_thread_blocked, id=5480, stack(0x000000001c4c0000,0x000000001c5c0000)]
  0x000000001a385000 JavaThread "File lock request listener" [_thread_in_native, id=21256, stack(0x000000001c3c0000,0x000000001c4c0000)]
  0x000000001a380800 JavaThread "Cache worker for file hash cache (C:\Users\Admin\.gradle\caches\5.6.4\fileHashes)" [_thread_blocked, id=22176, stack(0x000000001c0c0000,0x000000001c1c0000)]
  0x000000001a14e000 JavaThread "Thread-9" [_thread_blocked, id=5060, stack(0x000000001bfc0000,0x000000001c0c0000)]
  0x000000001a16d800 JavaThread "Stdin handler" [_thread_blocked, id=11712, stack(0x000000001bec0000,0x000000001bfc0000)]
  0x000000001a16c000 JavaThread "Asynchronous log dispatcher for DefaultDaemonConnection: socket connection from /127.0.0.1:50607 to /127.0.0.1:50608" [_thread_blocked, id=15720, stack(0x000000001bdc0000,0x000000001bec0000)]
  0x000000001a171000 JavaThread "Daemon worker" [_thread_in_vm, id=17140, stack(0x000000001bcc0000,0x000000001bdc0000)]
  0x000000001a170800 JavaThread "Cancel handler" [_thread_blocked, id=5596, stack(0x000000001bbc0000,0x000000001bcc0000)]
  0x000000001a02c000 JavaThread "Handler for socket connection from /127.0.0.1:50607 to /127.0.0.1:50608" [_thread_in_native, id=6572, stack(0x000000001b8c0000,0x000000001b9c0000)]
  0x0000000019fc9000 JavaThread "Daemon" [_thread_blocked, id=9996, stack(0x000000001b7c0000,0x000000001b8c0000)]
  0x0000000019fbf000 JavaThread "Daemon periodic checks" [_thread_blocked, id=15120, stack(0x000000001b6c0000,0x000000001b7c0000)]
  0x0000000019fb4800 JavaThread "Incoming local TCP Connector on port 50607" [_thread_in_native, id=11172, stack(0x000000001b480000,0x000000001b580000)]
  0x0000000019f6b000 JavaThread "Daemon health stats" [_thread_blocked, id=22956, stack(0x000000001ae40000,0x000000001af40000)]
  0x0000000017fa5800 JavaThread "Service Thread" daemon [_thread_blocked, id=22844, stack(0x00000000184a0000,0x00000000185a0000)]
  0x00000000167ad000 JavaThread "C1 CompilerThread2" daemon [_thread_blocked, id=13836, stack(0x00000000183a0000,0x00000000184a0000)]
=>0x000000001674c800 JavaThread "C2 CompilerThread1" daemon [_thread_in_native, id=12060, stack(0x0000000017ea0000,0x0000000017fa0000)]
  0x0000000016748000 JavaThread "C2 CompilerThread0" daemon [_thread_in_native, id=6704, stack(0x0000000017da0000,0x0000000017ea0000)]
  0x0000000016755800 JavaThread "Attach Listener" daemon [_thread_blocked, id=20256, stack(0x0000000017ca0000,0x0000000017da0000)]
  0x0000000016754800 JavaThread "Signal Dispatcher" daemon [_thread_blocked, id=14516, stack(0x0000000017ba0000,0x0000000017ca0000)]
  0x0000000002ddb000 JavaThread "Finalizer" daemon [_thread_blocked, id=7184, stack(0x00000000179b0000,0x0000000017ab0000)]
  0x0000000016739000 JavaThread "Reference Handler" daemon [_thread_blocked, id=16084, stack(0x00000000178b0000,0x00000000179b0000)]
  0x0000000002bdd800 JavaThread "main" [_thread_blocked, id=6372, stack(0x0000000002be0000,0x0000000002ce0000)]

Other Threads:
  0x0000000016716000 VMThread [stack: 0x00000000177b0000,0x00000000178b0000] [id=14992]
  0x0000000017fa7800 WatcherThread [stack: 0x00000000185a0000,0x00000000186a0000] [id=23120]

VM state:not at safepoint (normal execution)

VM Mutex/Monitor currently owned by a thread: None

heap address: 0x00000000a0000000, size: 1536 MB, Compressed Oops mode: 32-bit
Narrow klass base: 0x0000000000000000, Narrow klass shift: 3
Compressed class space size: 1073741824 Address: 0x0000000100000000

Heap:
 PSYoungGen      total 37376K, used 17596K [0x00000000e0000000, 0x00000000e2b00000, 0x0000000100000000)
  eden space 31744K, 38% used [0x00000000e0000000,0x00000000e0bebd30,0x00000000e1f00000)
  from space 5632K, 95% used [0x00000000e1f00000,0x00000000e24433d0,0x00000000e2480000)
  to   space 4608K, 0% used [0x00000000e2480000,0x00000000e2480000,0x00000000e2900000)
 ParOldGen       total 44032K, used 4275K [0x00000000a0000000, 0x00000000a2b00000, 0x00000000e0000000)
  object space 44032K, 9% used [0x00000000a0000000,0x00000000a042cc20,0x00000000a2b00000)
 Metaspace       used 15923K, capacity 16318K, committed 16512K, reserved 1062912K
  class space    used 2254K, capacity 2403K, committed 2432K, reserved 1048576K

Card table byte_map: [0x00000000121a0000,0x00000000124b0000] byte_map_base: 0x0000000011ca0000

Marking Bits: (ParMarkBitMap*) 0x000000006e079f30
 Begin Bits: [0x0000000012ab0000, 0x00000000142b0000)
 End Bits:   [0x00000000142b0000, 0x0000000015ab0000)

Polling page: 0x0000000000e80000

CodeCache: size=245760Kb used=5380Kb max_used=5380Kb free=240379Kb
 bounds [0x0000000002de0000, 0x0000000003330000, 0x0000000011de0000]
 total_blobs=1952 nmethods=1561 adapters=304
 compilation: enabled

Compilation events (10 events):
Event: 3.942 Thread 0x00000000167ad000 1563       3       sun.misc.ProxyGenerator::dotToSlash (9 bytes)
Event: 3.942 Thread 0x00000000167ad000 nmethod 1563 0x0000000003320450 code [0x00000000033205c0, 0x00000000033207c8]
Event: 3.942 Thread 0x00000000167ad000 1564       3       sun.misc.ProxyGenerator$ConstantPool$IndirectEntry::write (61 bytes)
Event: 3.943 Thread 0x00000000167ad000 nmethod 1564 0x0000000003320890 code [0x0000000003320a80, 0x0000000003321588]
Event: 3.957 Thread 0x00000000167ad000 1565       3       org.gradle.internal.service.DefaultServiceRegistry$ManagedObjectServiceProvider::requiredBy (20 bytes)
Event: 3.957 Thread 0x00000000167ad000 nmethod 1565 0x0000000003321950 code [0x0000000003321ae0, 0x0000000003322008]
Event: 3.957 Thread 0x00000000167ad000 1566       3       org.gradle.internal.service.DefaultServiceRegistry$ManagedObjectServiceProvider::fromSameRegistry (27 bytes)
Event: 3.957 Thread 0x00000000167ad000 nmethod 1566 0x0000000003322150 code [0x00000000033222c0, 0x0000000003322690]
Event: 3.957 Thread 0x00000000167ad000 1567       3       org.gradle.internal.service.DefaultServiceRegistry::access$1500 (6 bytes)
Event: 3.958 Thread 0x00000000167ad000 nmethod 1567 0x0000000003322750 code [0x00000000033228c0, 0x0000000003322a28]

GC Heap History (10 events):
Event: 1.741 GC heap before
{Heap before GC invocations=3 (full 0):
 PSYoungGen      total 18944K, used 18919K [0x00000000e0000000, 0x00000000e1500000, 0x0000000100000000)
  eden space 16384K, 100% used [0x00000000e0000000,0x00000000e1000000,0x00000000e1000000)
  from space 2560K, 99% used [0x00000000e1280000,0x00000000e14f9fb0,0x00000000e1500000)
  to   space 2560K, 0% used [0x00000000e1000000,0x00000000e1000000,0x00000000e1280000)
 ParOldGen       total 44032K, used 478K [0x00000000a0000000, 0x00000000a2b00000, 0x00000000e0000000)
  object space 44032K, 1% used [0x00000000a0000000,0x00000000a0077810,0x00000000a2b00000)
 Metaspace       used 6809K, capacity 7008K, committed 7040K, reserved 1056768K
  class space    used 825K, capacity 876K, committed 896K, reserved 1048576K
Event: 1.743 GC heap after
Heap after GC invocations=3 (full 0):
 PSYoungGen      total 18944K, used 2152K [0x00000000e0000000, 0x00000000e1500000, 0x0000000100000000)
  eden space 16384K, 0% used [0x00000000e0000000,0x00000000e0000000,0x00000000e1000000)
  from space 2560K, 84% used [0x00000000e1000000,0x00000000e121a360,0x00000000e1280000)
  to   space 2560K, 0% used [0x00000000e1280000,0x00000000e1280000,0x00000000e1500000)
 ParOldGen       total 44032K, used 486K [0x00000000a0000000, 0x00000000a2b00000, 0x00000000e0000000)
  object space 44032K, 1% used [0x00000000a0000000,0x00000000a0079810,0x00000000a2b00000)
 Metaspace       used 6809K, capacity 7008K, committed 7040K, reserved 1056768K
  class space    used 825K, capacity 876K, committed 896K, reserved 1048576K
}
Event: 1.982 GC heap before
{Heap before GC invocations=4 (full 0):
 PSYoungGen      total 18944K, used 18536K [0x00000000e0000000, 0x00000000e1500000, 0x0000000100000000)
  eden space 16384K, 100% used [0x00000000e0000000,0x00000000e1000000,0x00000000e1000000)
  from space 2560K, 84% used [0x00000000e1000000,0x00000000e121a360,0x00000000e1280000)
  to   space 2560K, 0% used [0x00000000e1280000,0x00000000e1280000,0x00000000e1500000)
 ParOldGen       total 44032K, used 486K [0x00000000a0000000, 0x00000000a2b00000, 0x00000000e0000000)
  object space 44032K, 1% used [0x00000000a0000000,0x00000000a0079810,0x00000000a2b00000)
 Metaspace       used 7046K, capacity 7258K, committed 7424K, reserved 1056768K
  class space    used 869K, capacity 917K, committed 1024K, reserved 1048576K
Event: 1.985 GC heap after
Heap after GC invocations=4 (full 0):
 PSYoungGen      total 18944K, used 2560K [0x00000000e0000000, 0x00000000e2500000, 0x0000000100000000)
  eden space 16384K, 0% used [0x00000000e0000000,0x00000000e0000000,0x00000000e1000000)
  from space 2560K, 100% used [0x00000000e1280000,0x00000000e1500000,0x00000000e1500000)
  to   space 2560K, 0% used [0x00000000e1000000,0x00000000e1000000,0x00000000e1280000)
 ParOldGen       total 44032K, used 1075K [0x00000000a0000000, 0x00000000a2b00000, 0x00000000e0000000)
  object space 44032K, 2% used [0x00000000a0000000,0x00000000a010ccb0,0x00000000a2b00000)
 Metaspace       used 7046K, capacity 7258K, committed 7424K, reserved 1056768K
  class space    used 869K, capacity 917K, committed 1024K, reserved 1048576K
}
Event: 2.297 GC heap before
{Heap before GC invocations=5 (full 0):
 PSYoungGen      total 18944K, used 18944K [0x00000000e0000000, 0x00000000e2500000, 0x0000000100000000)
  eden space 16384K, 100% used [0x00000000e0000000,0x00000000e1000000,0x00000000e1000000)
  from space 2560K, 100% used [0x00000000e1280000,0x00000000e1500000,0x00000000e1500000)
  to   space 2560K, 0% used [0x00000000e1000000,0x00000000e1000000,0x00000000e1280000)
 ParOldGen       total 44032K, used 1075K [0x00000000a0000000, 0x00000000a2b00000, 0x00000000e0000000)
  object space 44032K, 2% used [0x00000000a0000000,0x00000000a010ccb0,0x00000000a2b00000)
 Metaspace       used 9365K, capacity 9582K, committed 9856K, reserved 1058816K
  class space    used 1234K, capacity 1325K, committed 1408K, reserved 1048576K
Event: 2.302 GC heap after
Heap after GC invocations=5 (full 0):
 PSYoungGen      total 18944K, used 2528K [0x00000000e0000000, 0x00000000e2900000, 0x0000000100000000)
  eden space 16384K, 0% used [0x00000000e0000000,0x00000000e0000000,0x00000000e1000000)
  from space 2560K, 98% used [0x00000000e1000000,0x00000000e1278040,0x00000000e1280000)
  to   space 4608K, 0% used [0x00000000e2480000,0x00000000e2480000,0x00000000e2900000)
 ParOldGen       total 44032K, used 2873K [0x00000000a0000000, 0x00000000a2b00000, 0x00000000e0000000)
  object space 44032K, 6% used [0x00000000a0000000,0x00000000a02ce4d8,0x00000000a2b00000)
 Metaspace       used 9365K, capacity 9582K, committed 9856K, reserved 1058816K
  class space    used 1234K, capacity 1325K, committed 1408K, reserved 1048576K
}
Event: 3.164 GC heap before
{Heap before GC invocations=6 (full 0):
 PSYoungGen      total 18944K, used 18912K [0x00000000e0000000, 0x00000000e2900000, 0x0000000100000000)
  eden space 16384K, 100% used [0x00000000e0000000,0x00000000e1000000,0x00000000e1000000)
  from space 2560K, 98% used [0x00000000e1000000,0x00000000e1278040,0x00000000e1280000)
  to   space 4608K, 0% used [0x00000000e2480000,0x00000000e2480000,0x00000000e2900000)
 ParOldGen       total 44032K, used 2873K [0x00000000a0000000, 0x00000000a2b00000, 0x00000000e0000000)
  object space 44032K, 6% used [0x00000000a0000000,0x00000000a02ce4d8,0x00000000a2b00000)
 Metaspace       used 12453K, capacity 12810K, committed 12928K, reserved 1060864K
  class space    used 1679K, capacity 1803K, committed 1920K, reserved 1048576K
Event: 3.175 GC heap after
Heap after GC invocations=6 (full 0):
 PSYoungGen      total 36352K, used 4596K [0x00000000e0000000, 0x00000000e2b00000, 0x0000000100000000)
  eden space 31744K, 0% used [0x00000000e0000000,0x00000000e0000000,0x00000000e1f00000)
  from space 4608K, 99% used [0x00000000e2480000,0x00000000e28fd378,0x00000000e2900000)
  to   space 5632K, 0% used [0x00000000e1f00000,0x00000000e1f00000,0x00000000e2480000)
 ParOldGen       total 44032K, used 3034K [0x00000000a0000000, 0x00000000a2b00000, 0x00000000e0000000)
  object space 44032K, 6% used [0x00000000a0000000,0x00000000a02f6bd0,0x00000000a2b00000)
 Metaspace       used 12453K, capacity 12810K, committed 12928K, reserved 1060864K
  class space    used 1679K, capacity 1803K, committed 1920K, reserved 1048576K
}
Event: 3.661 GC heap before
{Heap before GC invocations=7 (full 0):
 PSYoungGen      total 36352K, used 36340K [0x00000000e0000000, 0x00000000e2b00000, 0x0000000100000000)
  eden space 31744K, 100% used [0x00000000e0000000,0x00000000e1f00000,0x00000000e1f00000)
  from space 4608K, 99% used [0x00000000e2480000,0x00000000e28fd378,0x00000000e2900000)
  to   space 5632K, 0% used [0x00000000e1f00000,0x00000000e1f00000,0x00000000e2480000)
 ParOldGen       total 44032K, used 3034K [0x00000000a0000000, 0x00000000a2b00000, 0x00000000e0000000)
  object space 44032K, 6% used [0x00000000a0000000,0x00000000a02f6bd0,0x00000000a2b00000)
 Metaspace       used 14633K, capacity 14966K, committed 15232K, reserved 1062912K
  class space    used 2046K, capacity 2161K, committed 2176K, reserved 1048576K
Event: 3.670 GC heap after
Heap after GC invocations=7 (full 0):
 PSYoungGen      total 37376K, used 5388K [0x00000000e0000000, 0x00000000e2b00000, 0x0000000100000000)
  eden space 31744K, 0% used [0x00000000e0000000,0x00000000e0000000,0x00000000e1f00000)
  from space 5632K, 95% used [0x00000000e1f00000,0x00000000e24433d0,0x00000000e2480000)
  to   space 4608K, 0% used [0x00000000e2480000,0x00000000e2480000,0x00000000e2900000)
 ParOldGen       total 44032K, used 4275K [0x00000000a0000000, 0x00000000a2b00000, 0x00000000e0000000)
  object space 44032K, 9% used [0x00000000a0000000,0x00000000a042cc20,0x00000000a2b00000)
 Metaspace       used 14633K, capacity 14966K, committed 15232K, reserved 1062912K
  class space    used 2046K, capacity 2161K, committed 2176K, reserved 1048576K
}

Deoptimization events (10 events):
Event: 2.495 Thread 0x0000000002bdd800 Uncommon trap: reason=unstable_if action=reinterpret pc=0x0000000003095f28 method=java.io.WinNTFileSystem.normalize(Ljava/lang/String;)Ljava/lang/String; @ 128
Event: 2.863 Thread 0x000000001a02c000 Uncommon trap: reason=unstable_if action=reinterpret pc=0x00000000031b3ef0 method=java.util.concurrent.ConcurrentHashMap.putVal(Ljava/lang/Object;Ljava/lang/Object;Z)Ljava/lang/Object; @ 206
Event: 2.951 Thread 0x000000001a171000 Uncommon trap: reason=bimorphic action=maybe_recompile pc=0x00000000030385cc method=java.util.HashMap.putVal(ILjava/lang/Object;Ljava/lang/Object;ZZ)Ljava/lang/Object; @ 253
Event: 2.951 Thread 0x000000001a171000 Uncommon trap: reason=bimorphic action=maybe_recompile pc=0x00000000030385cc method=java.util.HashMap.putVal(ILjava/lang/Object;Ljava/lang/Object;ZZ)Ljava/lang/Object; @ 253
Event: 2.952 Thread 0x000000001a171000 Uncommon trap: reason=bimorphic action=maybe_recompile pc=0x00000000030385cc method=java.util.HashMap.putVal(ILjava/lang/Object;Ljava/lang/Object;ZZ)Ljava/lang/Object; @ 253
Event: 3.367 Thread 0x000000001a171000 Uncommon trap: reason=class_check action=maybe_recompile pc=0x00000000030b4a58 method=java.util.regex.Matcher.match(II)Z @ 86
Event: 3.384 Thread 0x000000001a171000 Uncommon trap: reason=class_check action=maybe_recompile pc=0x00000000030b4a58 method=java.util.regex.Matcher.match(II)Z @ 86
Event: 3.385 Thread 0x000000001a171000 Uncommon trap: reason=class_check action=maybe_recompile pc=0x00000000030b4a58 method=java.util.regex.Matcher.match(II)Z @ 86
Event: 3.385 Thread 0x000000001a171000 Uncommon trap: reason=class_check action=maybe_recompile pc=0x000000000306eddc method=java.util.regex.Matcher.match(II)Z @ 86
Event: 3.851 Thread 0x000000001a171000 Uncommon trap: reason=unstable_if action=reinterpret pc=0x000000000326e1f4 method=java.lang.String.lastIndexOf([CII[CIII)I @ 66

Classes redefined (0 events):
No events

Internal exceptions (10 events):
Event: 2.877 Thread 0x000000001a02c000 Exception <a 'java/lang/NoSuchMethodError': <clinit>> (0x00000000e075f5b0) thrown at [D:\src\AOSP-openjdk-cygwin\jdk8u\hotspot\src\share\vm\prims\jni.cpp, line 1614]
Event: 2.881 Thread 0x000000001a02c000 Exception <a 'java/lang/NoSuchMethodError': <clinit>> (0x00000000e0777580) thrown at [D:\src\AOSP-openjdk-cygwin\jdk8u\hotspot\src\share\vm\prims\jni.cpp, line 1614]
Event: 2.882 Thread 0x000000001a02c000 Exception <a 'java/lang/NoSuchMethodError': <clinit>> (0x00000000e0780210) thrown at [D:\src\AOSP-openjdk-cygwin\jdk8u\hotspot\src\share\vm\prims\jni.cpp, line 1614]
Event: 2.884 Thread 0x000000001a02c000 Exception <a 'java/lang/NoSuchMethodError': <clinit>> (0x00000000e07967f8) thrown at [D:\src\AOSP-openjdk-cygwin\jdk8u\hotspot\src\share\vm\prims\jni.cpp, line 1614]
Event: 2.897 Thread 0x000000001a02c000 Exception <a 'java/lang/NoSuchMethodError': <clinit>> (0x00000000e0800260) thrown at [D:\src\AOSP-openjdk-cygwin\jdk8u\hotspot\src\share\vm\prims\jni.cpp, line 1614]
Event: 2.904 Thread 0x000000001a02c000 Exception <a 'java/lang/NoSuchMethodError': <clinit>> (0x00000000e082cda8) thrown at [D:\src\AOSP-openjdk-cygwin\jdk8u\hotspot\src\share\vm\prims\jni.cpp, line 1614]
Event: 2.908 Thread 0x000000001a02c000 Exception <a 'java/lang/NoSuchMethodError': <clinit>> (0x00000000e084a708) thrown at [D:\src\AOSP-openjdk-cygwin\jdk8u\hotspot\src\share\vm\prims\jni.cpp, line 1614]
Event: 3.797 Thread 0x000000001a171000 Exception <a 'java/lang/NoSuchMethodError': java.lang.Object.lambda$and$0(Ljava/util/function/Predicate;Ljava/lang/Object;)Z> (0x00000000e0556448) thrown at [D:\src\AOSP-openjdk-cygwin\jdk8u\hotspot\src\share\vm\interpreter\linkResolver.cpp, line 620]
Event: 3.812 Thread 0x000000001a171000 Exception <a 'java/lang/IncompatibleClassChangeError': Found class java.lang.Object, but interface was expected> (0x00000000e056c738) thrown at [D:\src\AOSP-openjdk-cygwin\jdk8u\hotspot\src\share\vm\interpreter\linkResolver.cpp, line 653]
Event: 3.816 Thread 0x000000001a171000 Exception <a 'java/lang/NoSuchMethodError': java.lang.Object.lambda$or$2(Ljava/util/function/Predicate;Ljava/lang/Object;)Z> (0x00000000e0571648) thrown at [D:\src\AOSP-openjdk-cygwin\jdk8u\hotspot\src\share\vm\interpreter\linkResolver.cpp, line 620]

Events (10 events):
Event: 3.963 loading class org/gradle/model/internal/inspect/ModelRuleSourceDetector$2
Event: 3.963 loading class org/gradle/model/internal/inspect/ModelRuleSourceDetector$2 done
Event: 3.963 loading class org/gradle/model/internal/inspect/ModelRuleSourceDetector$1
Event: 3.963 loading class org/gradle/model/internal/inspect/ModelRuleSourceDetector$1 done
Event: 3.964 loading class org/gradle/api/internal/plugins/PotentialPlugin
Event: 3.964 loading class org/gradle/api/internal/plugins/PotentialPlugin done
Event: 3.965 loading class org/gradle/api/internal/plugins/DefaultPluginRegistry
Event: 3.965 loading class org/gradle/api/internal/plugins/DefaultPluginRegistry done
Event: 3.966 loading class org/gradle/api/internal/plugins/DefaultPluginRegistry$PotentialPluginCacheLoader
Event: 3.966 loading class org/gradle/api/internal/plugins/DefaultPluginRegistry$PotentialPluginCacheLoader done


Dynamic libraries:
0x00007ff7b2f50000 - 0x00007ff7b2f81000 	C:\Program Files\Android\Android Studio\jre\bin\java.exe
0x00007ffc31d80000 - 0x00007ffc31f61000 	C:\Windows\SYSTEM32\ntdll.dll
0x00007ffc2f370000 - 0x00007ffc2f422000 	C:\Windows\System32\KERNEL32.DLL
0x00007ffc2e690000 - 0x00007ffc2e903000 	C:\Windows\System32\KERNELBASE.dll
0x00007ffc31bb0000 - 0x00007ffc31c51000 	C:\Windows\System32\ADVAPI32.dll
0x00007ffc31730000 - 0x00007ffc317ce000 	C:\Windows\System32\msvcrt.dll
0x00007ffc319c0000 - 0x00007ffc31a1b000 	C:\Windows\System32\sechost.dll
0x00007ffc31a80000 - 0x00007ffc31ba4000 	C:\Windows\System32\RPCRT4.dll
0x00007ffc31830000 - 0x00007ffc319c0000 	C:\Windows\System32\USER32.dll
0x00007ffc2e4c0000 - 0x00007ffc2e4e0000 	C:\Windows\System32\win32u.dll
0x00007ffc2f910000 - 0x00007ffc2f938000 	C:\Windows\System32\GDI32.dll
0x00007ffc2e2a0000 - 0x00007ffc2e432000 	C:\Windows\System32\gdi32full.dll
0x00007ffc2e4e0000 - 0x00007ffc2e57f000 	C:\Windows\System32\msvcp_win.dll
0x00007ffc2e150000 - 0x00007ffc2e24a000 	C:\Windows\System32\ucrtbase.dll
0x00007ffc1dd40000 - 0x00007ffc1dfa9000 	C:\Windows\WinSxS\amd64_microsoft.windows.common-controls_6595b64144ccf1df_6.0.17134.1_none_e4da93291059d8fb\COMCTL32.dll
0x00007ffc2f5d0000 - 0x00007ffc2f8f3000 	C:\Windows\System32\combase.dll
0x00007ffc2e440000 - 0x00007ffc2e4ba000 	C:\Windows\System32\bcryptPrimitives.dll
0x00007ffc315c0000 - 0x00007ffc315ed000 	C:\Windows\System32\IMM32.DLL
0x000000006e910000 - 0x000000006e9e2000 	C:\Program Files\Android\Android Studio\jre\jre\bin\msvcr100.dll
0x000000006d8b0000 - 0x000000006e0f6000 	C:\Program Files\Android\Android Studio\jre\jre\bin\server\jvm.dll
0x00007ffc31650000 - 0x00007ffc31658000 	C:\Windows\System32\PSAPI.DLL
0x00007ffc2b4a0000 - 0x00007ffc2b4c3000 	C:\Windows\SYSTEM32\WINMM.dll
0x00007ffc2b160000 - 0x00007ffc2b18a000 	C:\Windows\SYSTEM32\WINMMBASE.dll
0x00007ffc2e250000 - 0x00007ffc2e299000 	C:\Windows\System32\cfgmgr32.dll
0x00007ffc21e80000 - 0x00007ffc21e89000 	C:\Windows\SYSTEM32\WSOCK32.dll
0x00007ffc2fdb0000 - 0x00007ffc2fe1c000 	C:\Windows\System32\WS2_32.dll
0x00007ffc232a0000 - 0x00007ffc232aa000 	C:\Windows\SYSTEM32\VERSION.dll
0x00007ffc21e70000 - 0x00007ffc21e7f000 	C:\Program Files\Android\Android Studio\jre\jre\bin\verify.dll
0x00007ffc1fa30000 - 0x00007ffc1fa59000 	C:\Program Files\Android\Android Studio\jre\jre\bin\java.dll
0x00007ffc1fa10000 - 0x00007ffc1fa26000 	C:\Program Files\Android\Android Studio\jre\jre\bin\zip.dll
0x00007ffc2fea0000 - 0x00007ffc312e0000 	C:\Windows\System32\SHELL32.dll
0x00007ffc31390000 - 0x00007ffc31439000 	C:\Windows\System32\shcore.dll
0x00007ffc2e910000 - 0x00007ffc2f01d000 	C:\Windows\System32\windows.storage.dll
0x00007ffc31a20000 - 0x00007ffc31a71000 	C:\Windows\System32\shlwapi.dll
0x00007ffc2e0e0000 - 0x00007ffc2e0f1000 	C:\Windows\System32\kernel.appcore.dll
0x00007ffc2e100000 - 0x00007ffc2e11f000 	C:\Windows\System32\profapi.dll
0x00007ffc2e090000 - 0x00007ffc2e0dc000 	C:\Windows\System32\powrprof.dll
0x00007ffc2e140000 - 0x00007ffc2e14a000 	C:\Windows\System32\FLTLIB.DLL
0x00007ffc17770000 - 0x00007ffc1778a000 	C:\Program Files\Android\Android Studio\jre\jre\bin\net.dll
0x00007ffc23eb0000 - 0x00007ffc2407c000 	C:\Windows\SYSTEM32\urlmon.dll
0x00007ffc23bc0000 - 0x00007ffc23e62000 	C:\Windows\SYSTEM32\iertutil.dll
0x00007ffc2dae0000 - 0x00007ffc2daeb000 	C:\Windows\SYSTEM32\CRYPTBASE.DLL
0x00007ffc2d910000 - 0x00007ffc2d976000 	C:\Windows\system32\mswsock.dll
0x00007ffc144f0000 - 0x00007ffc14503000 	C:\Program Files\Android\Android Studio\jre\jre\bin\nio.dll
0x00007ffc155d0000 - 0x00007ffc155f6000 	C:\Users\Admin\.gradle\native\30\windows-amd64\native-platform.dll
0x00007ffc21d80000 - 0x00007ffc21d8d000 	C:\Program Files\Android\Android Studio\jre\jre\bin\management.dll
0x00007ffc2dac0000 - 0x00007ffc2dad7000 	C:\Windows\SYSTEM32\CRYPTSP.dll
0x00007ffc2d4f0000 - 0x00007ffc2d523000 	C:\Windows\system32\rsaenh.dll
0x00007ffc2dbf0000 - 0x00007ffc2dc15000 	C:\Windows\SYSTEM32\bcrypt.dll
0x00007ffc2df90000 - 0x00007ffc2dfb8000 	C:\Windows\SYSTEM32\USERENV.dll
0x00007ffc2d690000 - 0x00007ffc2d6c8000 	C:\Windows\SYSTEM32\IPHLPAPI.DLL
0x00007ffc2f900000 - 0x00007ffc2f908000 	C:\Windows\System32\NSI.dll
0x00007ffc27aa0000 - 0x00007ffc27ab6000 	C:\Windows\SYSTEM32\dhcpcsvc6.DLL
0x00007ffc27d40000 - 0x00007ffc27d5a000 	C:\Windows\SYSTEM32\dhcpcsvc.DLL

VM Arguments:
jvm_args: -Xmx1536m -Dfile.encoding=windows-1252 -Duser.country=US -Duser.language=en -Duser.variant 
java_command: org.gradle.launcher.daemon.bootstrap.GradleDaemon 5.6.4
java_class_path (initial): C:\Users\Admin\.gradle\wrapper\dists\gradle-5.6.4-all\ankdp27end7byghfw1q2sw75f\gradle-5.6.4\lib\gradle-launcher-5.6.4.jar
Launcher Type: SUN_STANDARD

Environment Variables:
PATH=C:\Windows\system32;C:\Windows;C:\Windows\System32\Wbem;C:\Windows\System32\WindowsPowerShell\v1.0\;C:\Windows\System32\OpenSSH\;C:\Program Files\Git\cmd;C:\Program Files\Java\jdk-11.0.6\bin;C:\Users\Admin\AppData\Local\Microsoft\WindowsApps;
USERNAME=Admin
OS=Windows_NT
PROCESSOR_IDENTIFIER=Intel64 Family 6 Model 69 Stepping 1, GenuineIntel



---------------  S Y S T E M  ---------------

OS: Windows 10.0 , 64 bit Build 17134 (10.0.17134.1)

CPU:total 4 (initial active 4) (2 cores per cpu, 2 threads per core) family 6 model 69 stepping 1, cmov, cx8, fxsr, mmx, sse, sse2, sse3, ssse3, sse4.1, sse4.2, popcnt, avx, avx2, aes, clmul, erms, lzcnt, ht, tsc, tscinvbit, bmi1, bmi2

Memory: 4k page, physical 4104556k(247592k free), swap 14613608k(724k free)

vm_info: OpenJDK 64-Bit Server VM (25.212-b04) for windows-amd64 JRE (1.8.0_212-release-1586-b04), built by "builder" with MS VC++ 10.0 (VS2010)

time: Wed Apr 22 21:41:44 2020
timezone: SE Asia Standard Time
elapsed time: 3 seconds (0d 0h 0m 3s)

