#
# There is insufficient memory for the Java Runtime Environment to continue.
# Native memory allocation (malloc) failed to allocate 1995184 bytes for Chunk::new
# Possible reasons:
#   The system is out of physical RAM or swap space
#   The process is running with CompressedOops enabled, and the Java Heap may be blocking the growth of the native heap
# Possible solutions:
#   Reduce memory load on the system
#   Increase physical memory or swap space
#   Check if swap backing store is full
#   Decrease Java heap size (-Xmx/-Xms)
#   Decrease number of Java threads
#   Decrease Java thread stack sizes (-Xss)
#   Set larger code cache with -XX:ReservedCodeCacheSize=
#   JVM is running with Unscaled Compressed Oops mode in which the Java heap is
#     placed in the first 4GB address space. The Java Heap base address is the
#     maximum limit for the native heap growth. Please use -XX:HeapBaseMinAddress
#     to set the Java Heap base and to place the Java Heap above 4GB virtual address.
# This output file may be truncated or incomplete.
#
#  Out of Memory Error (allocation.cpp:389), pid=8644, tid=0x000000000000625c
#
# JRE version: OpenJDK Runtime Environment (8.0_212-b04) (build 1.8.0_212-release-1586-b04)
# Java VM: OpenJDK 64-Bit Server VM (25.212-b04 mixed mode windows-amd64 compressed oops)
# Failed to write core dump. Minidumps are not enabled by default on client versions of Windows
#

---------------  T H R E A D  ---------------

Current thread (0x0000000016113800):  JavaThread "C2 CompilerThread1" daemon [_thread_in_native, id=25180, stack(0x0000000017860000,0x0000000017960000)]

Stack: [0x0000000017860000,0x0000000017960000]
[error occurred during error reporting (printing stack bounds), id 0xc0000005]

Native frames: (J=compiled Java code, j=interpreted, Vv=VM code, C=native code)


Current CompileTask:
C2:   4473 1490   !   4       java.net.URLClassLoader$1::run (63 bytes)


---------------  P R O C E S S  ---------------

Java Threads: ( => current thread )
  0x0000000018326800 JavaThread "Cache worker for journal cache (C:\Users\Admin\.gradle\caches\journal-1)" [_thread_blocked, id=26616, stack(0x000000001be80000,0x000000001bf80000)]
  0x0000000018324000 JavaThread "File lock request listener" [_thread_in_native, id=19032, stack(0x000000001bd80000,0x000000001be80000)]
  0x0000000018323800 JavaThread "Cache worker for file hash cache (C:\Users\Admin\.gradle\caches\5.6.4\fileHashes)" [_thread_blocked, id=26240, stack(0x000000001ba80000,0x000000001bb80000)]
  0x0000000019a0f800 JavaThread "Thread-9" [_thread_blocked, id=13788, stack(0x000000001b980000,0x000000001ba80000)]
  0x0000000019a1a000 JavaThread "Stdin handler" [_thread_blocked, id=25028, stack(0x000000001b880000,0x000000001b980000)]
  0x0000000019a19800 JavaThread "Asynchronous log dispatcher for DefaultDaemonConnection: socket connection from /127.0.0.1:49379 to /127.0.0.1:49380" [_thread_blocked, id=816, stack(0x000000001b780000,0x000000001b880000)]
  0x0000000019a35800 JavaThread "Daemon worker" [_thread_in_native, id=10736, stack(0x000000001b680000,0x000000001b780000)]
  0x0000000019a2c800 JavaThread "Cancel handler" [_thread_blocked, id=18652, stack(0x000000001b580000,0x000000001b680000)]
  0x00000000199c0000 JavaThread "Handler for socket connection from /127.0.0.1:49379 to /127.0.0.1:49380" [_thread_in_native, id=24744, stack(0x000000001b280000,0x000000001b380000)]
  0x00000000199b7800 JavaThread "Daemon" [_thread_blocked, id=23632, stack(0x000000001b180000,0x000000001b280000)]
  0x0000000019945000 JavaThread "Daemon periodic checks" [_thread_blocked, id=3176, stack(0x000000001b080000,0x000000001b180000)]
  0x0000000019939000 JavaThread "Incoming local TCP Connector on port 49379" [_thread_in_native, id=21168, stack(0x000000001ae40000,0x000000001af40000)]
  0x00000000198d7000 JavaThread "Daemon health stats" [_thread_blocked, id=18372, stack(0x000000001a800000,0x000000001a900000)]
  0x0000000017a88800 JavaThread "Service Thread" daemon [_thread_blocked, id=6508, stack(0x0000000017e60000,0x0000000017f60000)]
  0x0000000016114000 JavaThread "C1 CompilerThread2" daemon [_thread_blocked, id=20876, stack(0x0000000017960000,0x0000000017a60000)]
=>0x0000000016113800 JavaThread "C2 CompilerThread1" daemon [_thread_in_native, id=25180, stack(0x0000000017860000,0x0000000017960000)]
  0x000000001610f000 JavaThread "C2 CompilerThread0" daemon [_thread_in_native, id=15584, stack(0x0000000017760000,0x0000000017860000)]
  0x000000001610b000 JavaThread "Attach Listener" daemon [_thread_blocked, id=16224, stack(0x0000000017660000,0x0000000017760000)]
  0x0000000016115800 JavaThread "Signal Dispatcher" daemon [_thread_blocked, id=16544, stack(0x0000000017560000,0x0000000017660000)]
  0x000000000279b000 JavaThread "Finalizer" daemon [_thread_blocked, id=6268, stack(0x0000000017370000,0x0000000017470000)]
  0x00000000160f9000 JavaThread "Reference Handler" daemon [_thread_blocked, id=16932, stack(0x0000000017270000,0x0000000017370000)]
  0x000000000253d800 JavaThread "main" [_thread_blocked, id=12160, stack(0x0000000002540000,0x0000000002640000)]

Other Threads:
  0x00000000160d7000 VMThread [stack: 0x0000000017170000,0x0000000017270000] [id=18284]
  0x0000000017a89000 WatcherThread [stack: 0x0000000017f60000,0x0000000018060000] [id=2844]

VM state:not at safepoint (normal execution)

VM Mutex/Monitor currently owned by a thread: None

heap address: 0x00000000a0000000, size: 1536 MB, Compressed Oops mode: 32-bit
Narrow klass base: 0x0000000000000000, Narrow klass shift: 3
Compressed class space size: 1073741824 Address: 0x0000000100000000

Heap:
 PSYoungGen      total 37376K, used 24195K [0x00000000e0000000, 0x00000000e4a00000, 0x0000000100000000)
  eden space 31744K, 59% used [0x00000000e0000000,0x00000000e125ead0,0x00000000e1f00000)
  from space 5632K, 95% used [0x00000000e1f00000,0x00000000e2442230,0x00000000e2480000)
  to   space 6144K, 0% used [0x00000000e4400000,0x00000000e4400000,0x00000000e4a00000)
 ParOldGen       total 44032K, used 4237K [0x00000000a0000000, 0x00000000a2b00000, 0x00000000e0000000)
  object space 44032K, 9% used [0x00000000a0000000,0x00000000a0423478,0x00000000a2b00000)
 Metaspace       used 16642K, capacity 17086K, committed 17408K, reserved 1064960K
  class space    used 2352K, capacity 2531K, committed 2560K, reserved 1048576K

Card table byte_map: [0x0000000011b60000,0x0000000011e70000] byte_map_base: 0x0000000011660000

Marking Bits: (ParMarkBitMap*) 0x000000006e079f30
 Begin Bits: [0x0000000012470000, 0x0000000013c70000)
 End Bits:   [0x0000000013c70000, 0x0000000015470000)

Polling page: 0x0000000002510000

CodeCache: size=245760Kb used=5436Kb max_used=5436Kb free=240323Kb
 bounds [0x00000000027a0000, 0x0000000002d00000, 0x00000000117a0000]
 total_blobs=1982 nmethods=1582 adapters=313
 compilation: enabled

Compilation events (10 events):
Event: 4.392 Thread 0x0000000016114000 1584       3       java.lang.reflect.Constructor::setConstructorAccessor (21 bytes)
Event: 4.392 Thread 0x0000000016114000 nmethod 1584 0x0000000002ceeb10 code [0x0000000002ceec80, 0x0000000002cef028]
Event: 4.394 Thread 0x0000000016114000 1585       3       com.google.common.base.Preconditions::checkPositionIndex (8 bytes)
Event: 4.394 Thread 0x0000000016114000 nmethod 1585 0x0000000002cef150 code [0x0000000002cef2e0, 0x0000000002cef5d8]
Event: 4.394 Thread 0x0000000016114000 1586       3       com.google.common.base.Preconditions::checkPositionIndex (25 bytes)
Event: 4.394 Thread 0x0000000016114000 nmethod 1586 0x0000000002cef750 code [0x0000000002cef8c0, 0x0000000002cefb58]
Event: 4.411 Thread 0x0000000016114000 1587       3       java.lang.StringBuilder::append (10 bytes)
Event: 4.411 Thread 0x0000000016114000 nmethod 1587 0x0000000002cf0150 code [0x0000000002cf02c0, 0x0000000002cf0448]
Event: 4.451 Thread 0x0000000016114000 1588       3       org.objectweb.asm.SymbolTable::get (13 bytes)
Event: 4.451 Thread 0x0000000016114000 nmethod 1588 0x0000000002cf1190 code [0x0000000002cf12e0, 0x0000000002cf1470]

GC Heap History (10 events):
Event: 1.852 GC heap before
{Heap before GC invocations=3 (full 0):
 PSYoungGen      total 18944K, used 18919K [0x00000000e0000000, 0x00000000e1500000, 0x0000000100000000)
  eden space 16384K, 100% used [0x00000000e0000000,0x00000000e1000000,0x00000000e1000000)
  from space 2560K, 99% used [0x00000000e1280000,0x00000000e14f9fd0,0x00000000e1500000)
  to   space 2560K, 0% used [0x00000000e1000000,0x00000000e1000000,0x00000000e1280000)
 ParOldGen       total 44032K, used 457K [0x00000000a0000000, 0x00000000a2b00000, 0x00000000e0000000)
  object space 44032K, 1% used [0x00000000a0000000,0x00000000a00726e8,0x00000000a2b00000)
 Metaspace       used 6814K, capacity 7008K, committed 7040K, reserved 1056768K
  class space    used 825K, capacity 876K, committed 896K, reserved 1048576K
Event: 1.855 GC heap after
Heap after GC invocations=3 (full 0):
 PSYoungGen      total 18944K, used 2184K [0x00000000e0000000, 0x00000000e1500000, 0x0000000100000000)
  eden space 16384K, 0% used [0x00000000e0000000,0x00000000e0000000,0x00000000e1000000)
  from space 2560K, 85% used [0x00000000e1000000,0x00000000e1222360,0x00000000e1280000)
  to   space 2560K, 0% used [0x00000000e1280000,0x00000000e1280000,0x00000000e1500000)
 ParOldGen       total 44032K, used 465K [0x00000000a0000000, 0x00000000a2b00000, 0x00000000e0000000)
  object space 44032K, 1% used [0x00000000a0000000,0x00000000a00746e8,0x00000000a2b00000)
 Metaspace       used 6814K, capacity 7008K, committed 7040K, reserved 1056768K
  class space    used 825K, capacity 876K, committed 896K, reserved 1048576K
}
Event: 2.074 GC heap before
{Heap before GC invocations=4 (full 0):
 PSYoungGen      total 18944K, used 18568K [0x00000000e0000000, 0x00000000e1500000, 0x0000000100000000)
  eden space 16384K, 100% used [0x00000000e0000000,0x00000000e1000000,0x00000000e1000000)
  from space 2560K, 85% used [0x00000000e1000000,0x00000000e1222360,0x00000000e1280000)
  to   space 2560K, 0% used [0x00000000e1280000,0x00000000e1280000,0x00000000e1500000)
 ParOldGen       total 44032K, used 465K [0x00000000a0000000, 0x00000000a2b00000, 0x00000000e0000000)
  object space 44032K, 1% used [0x00000000a0000000,0x00000000a00746e8,0x00000000a2b00000)
 Metaspace       used 7059K, capacity 7258K, committed 7424K, reserved 1056768K
  class space    used 872K, capacity 917K, committed 1024K, reserved 1048576K
Event: 2.077 GC heap after
Heap after GC invocations=4 (full 0):
 PSYoungGen      total 18944K, used 2544K [0x00000000e0000000, 0x00000000e2500000, 0x0000000100000000)
  eden space 16384K, 0% used [0x00000000e0000000,0x00000000e0000000,0x00000000e1000000)
  from space 2560K, 99% used [0x00000000e1280000,0x00000000e14fc010,0x00000000e1500000)
  to   space 2560K, 0% used [0x00000000e1000000,0x00000000e1000000,0x00000000e1280000)
 ParOldGen       total 44032K, used 1055K [0x00000000a0000000, 0x00000000a2b00000, 0x00000000e0000000)
  object space 44032K, 2% used [0x00000000a0000000,0x00000000a0107c68,0x00000000a2b00000)
 Metaspace       used 7059K, capacity 7258K, committed 7424K, reserved 1056768K
  class space    used 872K, capacity 917K, committed 1024K, reserved 1048576K
}
Event: 2.349 GC heap before
{Heap before GC invocations=5 (full 0):
 PSYoungGen      total 18944K, used 18928K [0x00000000e0000000, 0x00000000e2500000, 0x0000000100000000)
  eden space 16384K, 100% used [0x00000000e0000000,0x00000000e1000000,0x00000000e1000000)
  from space 2560K, 99% used [0x00000000e1280000,0x00000000e14fc010,0x00000000e1500000)
  to   space 2560K, 0% used [0x00000000e1000000,0x00000000e1000000,0x00000000e1280000)
 ParOldGen       total 44032K, used 1055K [0x00000000a0000000, 0x00000000a2b00000, 0x00000000e0000000)
  object space 44032K, 2% used [0x00000000a0000000,0x00000000a0107c68,0x00000000a2b00000)
 Metaspace       used 9368K, capacity 9582K, committed 9856K, reserved 1058816K
  class space    used 1235K, capacity 1325K, committed 1408K, reserved 1048576K
Event: 2.353 GC heap after
Heap after GC invocations=5 (full 0):
 PSYoungGen      total 18944K, used 2528K [0x00000000e0000000, 0x00000000e2900000, 0x0000000100000000)
  eden space 16384K, 0% used [0x00000000e0000000,0x00000000e0000000,0x00000000e1000000)
  from space 2560K, 98% used [0x00000000e1000000,0x00000000e1278020,0x00000000e1280000)
  to   space 4608K, 0% used [0x00000000e2480000,0x00000000e2480000,0x00000000e2900000)
 ParOldGen       total 44032K, used 2846K [0x00000000a0000000, 0x00000000a2b00000, 0x00000000e0000000)
  object space 44032K, 6% used [0x00000000a0000000,0x00000000a02c7930,0x00000000a2b00000)
 Metaspace       used 9368K, capacity 9582K, committed 9856K, reserved 1058816K
  class space    used 1235K, capacity 1325K, committed 1408K, reserved 1048576K
}
Event: 3.279 GC heap before
{Heap before GC invocations=6 (full 0):
 PSYoungGen      total 18944K, used 18912K [0x00000000e0000000, 0x00000000e2900000, 0x0000000100000000)
  eden space 16384K, 100% used [0x00000000e0000000,0x00000000e1000000,0x00000000e1000000)
  from space 2560K, 98% used [0x00000000e1000000,0x00000000e1278020,0x00000000e1280000)
  to   space 4608K, 0% used [0x00000000e2480000,0x00000000e2480000,0x00000000e2900000)
 ParOldGen       total 44032K, used 2846K [0x00000000a0000000, 0x00000000a2b00000, 0x00000000e0000000)
  object space 44032K, 6% used [0x00000000a0000000,0x00000000a02c7930,0x00000000a2b00000)
 Metaspace       used 12452K, capacity 12810K, committed 12928K, reserved 1060864K
  class space    used 1681K, capacity 1803K, committed 1920K, reserved 1048576K
Event: 3.286 GC heap after
Heap after GC invocations=6 (full 0):
 PSYoungGen      total 36352K, used 4596K [0x00000000e0000000, 0x00000000e2b00000, 0x0000000100000000)
  eden space 31744K, 0% used [0x00000000e0000000,0x00000000e0000000,0x00000000e1f00000)
  from space 4608K, 99% used [0x00000000e2480000,0x00000000e28fd378,0x00000000e2900000)
  to   space 5632K, 0% used [0x00000000e1f00000,0x00000000e1f00000,0x00000000e2480000)
 ParOldGen       total 44032K, used 3009K [0x00000000a0000000, 0x00000000a2b00000, 0x00000000e0000000)
  object space 44032K, 6% used [0x00000000a0000000,0x00000000a02f0418,0x00000000a2b00000)
 Metaspace       used 12452K, capacity 12810K, committed 12928K, reserved 1060864K
  class space    used 1681K, capacity 1803K, committed 1920K, reserved 1048576K
}
Event: 3.739 GC heap before
{Heap before GC invocations=7 (full 0):
 PSYoungGen      total 36352K, used 36340K [0x00000000e0000000, 0x00000000e2b00000, 0x0000000100000000)
  eden space 31744K, 100% used [0x00000000e0000000,0x00000000e1f00000,0x00000000e1f00000)
  from space 4608K, 99% used [0x00000000e2480000,0x00000000e28fd378,0x00000000e2900000)
  to   space 5632K, 0% used [0x00000000e1f00000,0x00000000e1f00000,0x00000000e2480000)
 ParOldGen       total 44032K, used 3009K [0x00000000a0000000, 0x00000000a2b00000, 0x00000000e0000000)
  object space 44032K, 6% used [0x00000000a0000000,0x00000000a02f0418,0x00000000a2b00000)
 Metaspace       used 14628K, capacity 14966K, committed 15232K, reserved 1062912K
  class space    used 2046K, capacity 2161K, committed 2176K, reserved 1048576K
Event: 3.752 GC heap after
Heap after GC invocations=7 (full 0):
 PSYoungGen      total 37376K, used 5384K [0x00000000e0000000, 0x00000000e4a00000, 0x0000000100000000)
  eden space 31744K, 0% used [0x00000000e0000000,0x00000000e0000000,0x00000000e1f00000)
  from space 5632K, 95% used [0x00000000e1f00000,0x00000000e2442230,0x00000000e2480000)
  to   space 6144K, 0% used [0x00000000e4400000,0x00000000e4400000,0x00000000e4a00000)
 ParOldGen       total 44032K, used 4237K [0x00000000a0000000, 0x00000000a2b00000, 0x00000000e0000000)
  object space 44032K, 9% used [0x00000000a0000000,0x00000000a0423478,0x00000000a2b00000)
 Metaspace       used 14628K, capacity 14966K, committed 15232K, reserved 1062912K
  class space    used 2046K, capacity 2161K, committed 2176K, reserved 1048576K
}

Deoptimization events (10 events):
Event: 3.067 Thread 0x00000000199c0000 Uncommon trap: reason=unstable_if action=reinterpret pc=0x0000000002b7a6f0 method=java.util.concurrent.ConcurrentHashMap.putVal(Ljava/lang/Object;Ljava/lang/Object;Z)Ljava/lang/Object; @ 206
Event: 3.177 Thread 0x0000000019a35800 Uncommon trap: reason=bimorphic action=maybe_recompile pc=0x0000000002a002c8 method=java.util.HashMap.putVal(ILjava/lang/Object;Ljava/lang/Object;ZZ)Ljava/lang/Object; @ 253
Event: 3.178 Thread 0x0000000019a35800 Uncommon trap: reason=bimorphic action=maybe_recompile pc=0x0000000002a002c8 method=java.util.HashMap.putVal(ILjava/lang/Object;Ljava/lang/Object;ZZ)Ljava/lang/Object; @ 253
Event: 3.178 Thread 0x0000000019a35800 Uncommon trap: reason=bimorphic action=maybe_recompile pc=0x0000000002a002c8 method=java.util.HashMap.putVal(ILjava/lang/Object;Ljava/lang/Object;ZZ)Ljava/lang/Object; @ 253
Event: 3.505 Thread 0x0000000019a35800 Uncommon trap: reason=class_check action=maybe_recompile pc=0x0000000002a82a84 method=java.util.regex.Matcher.match(II)Z @ 86
Event: 3.523 Thread 0x0000000019a35800 Uncommon trap: reason=class_check action=maybe_recompile pc=0x0000000002a82a84 method=java.util.regex.Matcher.match(II)Z @ 86
Event: 3.523 Thread 0x0000000019a35800 Uncommon trap: reason=class_check action=maybe_recompile pc=0x0000000002a82a84 method=java.util.regex.Matcher.match(II)Z @ 86
Event: 3.523 Thread 0x0000000019a35800 Uncommon trap: reason=class_check action=maybe_recompile pc=0x0000000002904c1c method=java.util.regex.Matcher.match(II)Z @ 86
Event: 3.976 Thread 0x0000000019a35800 Uncommon trap: reason=unstable_if action=reinterpret pc=0x0000000002c32534 method=java.lang.String.lastIndexOf([CII[CIII)I @ 66
Event: 4.362 Thread 0x0000000019a35800 Uncommon trap: reason=unstable_if action=reinterpret pc=0x0000000002c31c28 method=java.util.HashMap.putVal(ILjava/lang/Object;Ljava/lang/Object;ZZ)Ljava/lang/Object; @ 236

Classes redefined (0 events):
No events

Internal exceptions (10 events):
Event: 3.104 Thread 0x00000000199c0000 Exception <a 'java/lang/NoSuchMethodError': <clinit>> (0x00000000e076bf50) thrown at [D:\src\AOSP-openjdk-cygwin\jdk8u\hotspot\src\share\vm\prims\jni.cpp, line 1614]
Event: 3.108 Thread 0x00000000199c0000 Exception <a 'java/lang/NoSuchMethodError': <clinit>> (0x00000000e0783f20) thrown at [D:\src\AOSP-openjdk-cygwin\jdk8u\hotspot\src\share\vm\prims\jni.cpp, line 1614]
Event: 3.109 Thread 0x00000000199c0000 Exception <a 'java/lang/NoSuchMethodError': <clinit>> (0x00000000e078cbb0) thrown at [D:\src\AOSP-openjdk-cygwin\jdk8u\hotspot\src\share\vm\prims\jni.cpp, line 1614]
Event: 3.114 Thread 0x00000000199c0000 Exception <a 'java/lang/NoSuchMethodError': <clinit>> (0x00000000e07a3238) thrown at [D:\src\AOSP-openjdk-cygwin\jdk8u\hotspot\src\share\vm\prims\jni.cpp, line 1614]
Event: 3.128 Thread 0x00000000199c0000 Exception <a 'java/lang/NoSuchMethodError': <clinit>> (0x00000000e080ccc0) thrown at [D:\src\AOSP-openjdk-cygwin\jdk8u\hotspot\src\share\vm\prims\jni.cpp, line 1614]
Event: 3.136 Thread 0x00000000199c0000 Exception <a 'java/lang/NoSuchMethodError': <clinit>> (0x00000000e0839848) thrown at [D:\src\AOSP-openjdk-cygwin\jdk8u\hotspot\src\share\vm\prims\jni.cpp, line 1614]
Event: 3.139 Thread 0x00000000199c0000 Exception <a 'java/lang/NoSuchMethodError': <clinit>> (0x00000000e08571a8) thrown at [D:\src\AOSP-openjdk-cygwin\jdk8u\hotspot\src\share\vm\prims\jni.cpp, line 1614]
Event: 3.874 Thread 0x0000000019a35800 Exception <a 'java/lang/NoSuchMethodError': java.lang.Object.lambda$and$0(Ljava/util/function/Predicate;Ljava/lang/Object;)Z> (0x00000000e0555650) thrown at [D:\src\AOSP-openjdk-cygwin\jdk8u\hotspot\src\share\vm\interpreter\linkResolver.cpp, line 620]
Event: 3.903 Thread 0x0000000019a35800 Exception <a 'java/lang/IncompatibleClassChangeError': Found class java.lang.Object, but interface was expected> (0x00000000e056b938) thrown at [D:\src\AOSP-openjdk-cygwin\jdk8u\hotspot\src\share\vm\interpreter\linkResolver.cpp, line 653]
Event: 3.910 Thread 0x0000000019a35800 Exception <a 'java/lang/NoSuchMethodError': java.lang.Object.lambda$or$2(Ljava/util/function/Predicate;Ljava/lang/Object;)Z> (0x00000000e0570848) thrown at [D:\src\AOSP-openjdk-cygwin\jdk8u\hotspot\src\share\vm\interpreter\linkResolver.cpp, line 620]

Events (10 events):
Event: 4.468 loading class org/gradle/internal/exceptions/FailureResolutionAware
Event: 4.468 loading class org/gradle/internal/exceptions/FailureResolutionAware done
Event: 4.469 loading class org/gradle/api/plugins/UnknownPluginException
Event: 4.469 loading class org/gradle/api/plugins/UnknownPluginException done
Event: 4.469 loading class org/gradle/plugin/use/internal/PluginDependencyResolutionServices$2
Event: 4.469 loading class org/gradle/plugin/use/internal/PluginDependencyResolutionServices$2 done
Event: 4.470 loading class org/gradle/api/internal/file/collections/DefaultDirectoryFileTreeFactory
Event: 4.470 loading class org/gradle/api/internal/file/collections/DefaultDirectoryFileTreeFactory done
Event: 4.471 loading class org/gradle/api/internal/provider/DefaultProviderFactory
Event: 4.471 loading class org/gradle/api/internal/provider/DefaultProviderFactory done


Dynamic libraries:
0x00007ff6b5030000 - 0x00007ff6b5061000 	C:\Program Files\Android\Android Studio\jre\bin\java.exe
0x00007ffc31d80000 - 0x00007ffc31f61000 	C:\Windows\SYSTEM32\ntdll.dll
0x00007ffc2f370000 - 0x00007ffc2f422000 	C:\Windows\System32\KERNEL32.DLL
0x00007ffc2e690000 - 0x00007ffc2e903000 	C:\Windows\System32\KERNELBASE.dll
0x00007ffc31bb0000 - 0x00007ffc31c51000 	C:\Windows\System32\ADVAPI32.dll
0x00007ffc31730000 - 0x00007ffc317ce000 	C:\Windows\System32\msvcrt.dll
0x00007ffc319c0000 - 0x00007ffc31a1b000 	C:\Windows\System32\sechost.dll
0x00007ffc31a80000 - 0x00007ffc31ba4000 	C:\Windows\System32\RPCRT4.dll
0x00007ffc31830000 - 0x00007ffc319c0000 	C:\Windows\System32\USER32.dll
0x00007ffc2e4c0000 - 0x00007ffc2e4e0000 	C:\Windows\System32\win32u.dll
0x00007ffc2f910000 - 0x00007ffc2f938000 	C:\Windows\System32\GDI32.dll
0x00007ffc2e2a0000 - 0x00007ffc2e432000 	C:\Windows\System32\gdi32full.dll
0x00007ffc2e4e0000 - 0x00007ffc2e57f000 	C:\Windows\System32\msvcp_win.dll
0x00007ffc2e150000 - 0x00007ffc2e24a000 	C:\Windows\System32\ucrtbase.dll
0x00007ffc1dd40000 - 0x00007ffc1dfa9000 	C:\Windows\WinSxS\amd64_microsoft.windows.common-controls_6595b64144ccf1df_6.0.17134.1_none_e4da93291059d8fb\COMCTL32.dll
0x00007ffc2f5d0000 - 0x00007ffc2f8f3000 	C:\Windows\System32\combase.dll
0x00007ffc2e440000 - 0x00007ffc2e4ba000 	C:\Windows\System32\bcryptPrimitives.dll
0x00007ffc315c0000 - 0x00007ffc315ed000 	C:\Windows\System32\IMM32.DLL
0x000000006e910000 - 0x000000006e9e2000 	C:\Program Files\Android\Android Studio\jre\jre\bin\msvcr100.dll
0x000000006d8b0000 - 0x000000006e0f6000 	C:\Program Files\Android\Android Studio\jre\jre\bin\server\jvm.dll
0x00007ffc31650000 - 0x00007ffc31658000 	C:\Windows\System32\PSAPI.DLL
0x00007ffc2b4a0000 - 0x00007ffc2b4c3000 	C:\Windows\SYSTEM32\WINMM.dll
0x00007ffc232a0000 - 0x00007ffc232aa000 	C:\Windows\SYSTEM32\VERSION.dll
0x00007ffc2b160000 - 0x00007ffc2b18a000 	C:\Windows\SYSTEM32\WINMMBASE.dll
0x00007ffc21e80000 - 0x00007ffc21e89000 	C:\Windows\SYSTEM32\WSOCK32.dll
0x00007ffc2e250000 - 0x00007ffc2e299000 	C:\Windows\System32\cfgmgr32.dll
0x00007ffc2fdb0000 - 0x00007ffc2fe1c000 	C:\Windows\System32\ws2_32.DLL
0x00007ffc21e70000 - 0x00007ffc21e7f000 	C:\Program Files\Android\Android Studio\jre\jre\bin\verify.dll
0x00007ffc1fa30000 - 0x00007ffc1fa59000 	C:\Program Files\Android\Android Studio\jre\jre\bin\java.dll
0x00007ffc1fa10000 - 0x00007ffc1fa26000 	C:\Program Files\Android\Android Studio\jre\jre\bin\zip.dll
0x00007ffc2fea0000 - 0x00007ffc312e0000 	C:\Windows\System32\SHELL32.dll
0x00007ffc31390000 - 0x00007ffc31439000 	C:\Windows\System32\shcore.dll
0x00007ffc2e910000 - 0x00007ffc2f01d000 	C:\Windows\System32\windows.storage.dll
0x00007ffc31a20000 - 0x00007ffc31a71000 	C:\Windows\System32\shlwapi.dll
0x00007ffc2e0e0000 - 0x00007ffc2e0f1000 	C:\Windows\System32\kernel.appcore.dll
0x00007ffc2e100000 - 0x00007ffc2e11f000 	C:\Windows\System32\profapi.dll
0x00007ffc2e090000 - 0x00007ffc2e0dc000 	C:\Windows\System32\powrprof.dll
0x00007ffc2e140000 - 0x00007ffc2e14a000 	C:\Windows\System32\FLTLIB.DLL
0x00007ffc17770000 - 0x00007ffc1778a000 	C:\Program Files\Android\Android Studio\jre\jre\bin\net.dll
0x00007ffc23eb0000 - 0x00007ffc2407c000 	C:\Windows\SYSTEM32\urlmon.dll
0x00007ffc23bc0000 - 0x00007ffc23e62000 	C:\Windows\SYSTEM32\iertutil.dll
0x00007ffc2dae0000 - 0x00007ffc2daeb000 	C:\Windows\SYSTEM32\CRYPTBASE.DLL
0x00007ffc2d910000 - 0x00007ffc2d976000 	C:\Windows\system32\mswsock.dll
0x00007ffc144f0000 - 0x00007ffc14503000 	C:\Program Files\Android\Android Studio\jre\jre\bin\nio.dll
0x00007ffc155d0000 - 0x00007ffc155f6000 	C:\Users\Admin\.gradle\native\30\windows-amd64\native-platform.dll
0x00007ffc21d80000 - 0x00007ffc21d8d000 	C:\Program Files\Android\Android Studio\jre\jre\bin\management.dll
0x00007ffc2dac0000 - 0x00007ffc2dad7000 	C:\Windows\SYSTEM32\CRYPTSP.dll
0x00007ffc2d4f0000 - 0x00007ffc2d523000 	C:\Windows\system32\rsaenh.dll
0x00007ffc2dbf0000 - 0x00007ffc2dc15000 	C:\Windows\SYSTEM32\bcrypt.dll
0x00007ffc2df90000 - 0x00007ffc2dfb8000 	C:\Windows\SYSTEM32\USERENV.dll
0x00007ffc2d690000 - 0x00007ffc2d6c8000 	C:\Windows\SYSTEM32\IPHLPAPI.DLL
0x00007ffc2f900000 - 0x00007ffc2f908000 	C:\Windows\System32\NSI.dll
0x00007ffc27aa0000 - 0x00007ffc27ab6000 	C:\Windows\SYSTEM32\dhcpcsvc6.DLL
0x00007ffc27d40000 - 0x00007ffc27d5a000 	C:\Windows\SYSTEM32\dhcpcsvc.DLL

VM Arguments:
jvm_args: -Xmx1536m -Dfile.encoding=windows-1252 -Duser.country=US -Duser.language=en -Duser.variant 
java_command: org.gradle.launcher.daemon.bootstrap.GradleDaemon 5.6.4
java_class_path (initial): C:\Users\Admin\.gradle\wrapper\dists\gradle-5.6.4-all\ankdp27end7byghfw1q2sw75f\gradle-5.6.4\lib\gradle-launcher-5.6.4.jar
Launcher Type: SUN_STANDARD

Environment Variables:
PATH=C:\Windows\system32;C:\Windows;C:\Windows\System32\Wbem;C:\Windows\System32\WindowsPowerShell\v1.0\;C:\Windows\System32\OpenSSH\;C:\Program Files\Git\cmd;C:\Program Files\Java\jdk-11.0.6\bin;C:\Users\Admin\AppData\Local\Microsoft\WindowsApps;
USERNAME=Admin
OS=Windows_NT
PROCESSOR_IDENTIFIER=Intel64 Family 6 Model 69 Stepping 1, GenuineIntel



---------------  S Y S T E M  ---------------

OS: Windows 10.0 , 64 bit Build 17134 (10.0.17134.1)

CPU:total 4 (initial active 4) (2 cores per cpu, 2 threads per core) family 6 model 69 stepping 1, cmov, cx8, fxsr, mmx, sse, sse2, sse3, ssse3, sse4.1, sse4.2, popcnt, avx, avx2, aes, clmul, erms, lzcnt, ht, tsc, tscinvbit, bmi1, bmi2

Memory: 4k page, physical 4104556k(252652k free), swap 14613608k(6188k free)

vm_info: OpenJDK 64-Bit Server VM (25.212-b04) for windows-amd64 JRE (1.8.0_212-release-1586-b04), built by "builder" with MS VC++ 10.0 (VS2010)

time: Wed Apr 22 21:05:54 2020
timezone: SE Asia Standard Time
elapsed time: 4 seconds (0d 0h 0m 4s)

