#
# There is insufficient memory for the Java Runtime Environment to continue.
# Native memory allocation (malloc) failed to allocate 32744 bytes for ChunkPool::allocate
# Possible reasons:
#   The system is out of physical RAM or swap space
#   The process is running with CompressedOops enabled, and the Java Heap may be blocking the growth of the native heap
# Possible solutions:
#   Reduce memory load on the system
#   Increase physical memory or swap space
#   Check if swap backing store is full
#   Decrease Java heap size (-Xmx/-Xms)
#   Decrease number of Java threads
#   Decrease Java thread stack sizes (-Xss)
#   Set larger code cache with -XX:ReservedCodeCacheSize=
#   JVM is running with Unscaled Compressed Oops mode in which the Java heap is
#     placed in the first 4GB address space. The Java Heap base address is the
#     maximum limit for the native heap growth. Please use -XX:HeapBaseMinAddress
#     to set the Java Heap base and to place the Java Heap above 4GB virtual address.
# This output file may be truncated or incomplete.
#
#  Out of Memory Error (allocation.cpp:272), pid=14284, tid=0x0000000000003d88
#
# JRE version: OpenJDK Runtime Environment (8.0_212-b04) (build 1.8.0_212-release-1586-b04)
# Java VM: OpenJDK 64-Bit Server VM (25.212-b04 mixed mode windows-amd64 compressed oops)
# Failed to write core dump. Minidumps are not enabled by default on client versions of Windows
#

---------------  T H R E A D  ---------------

Current thread (0x00000000161e2800):  JavaThread "C1 CompilerThread2" daemon [_thread_in_native, id=15752, stack(0x0000000017a30000,0x0000000017b30000)]

Stack: [0x0000000017a30000,0x0000000017b30000]
[error occurred during error reporting (printing stack bounds), id 0xc0000005]

Native frames: (J=compiled Java code, j=interpreted, Vv=VM code, C=native code)


Current CompileTask:
C1:   3239 1585       3       java.lang.String::lastIndexOf (151 bytes)


---------------  P R O C E S S  ---------------

Java Threads: ( => current thread )
  0x0000000019b91800 JavaThread "Cache worker for journal cache (C:\Users\Admin\.gradle\caches\journal-1)" [_thread_blocked, id=20804, stack(0x000000001bd50000,0x000000001be50000)]
  0x0000000019b95800 JavaThread "File lock request listener" [_thread_in_native, id=4440, stack(0x000000001bc50000,0x000000001bd50000)]
  0x0000000019b91000 JavaThread "Cache worker for file hash cache (C:\Users\Admin\.gradle\caches\5.6.4\fileHashes)" [_thread_blocked, id=11072, stack(0x000000001bb50000,0x000000001bc50000)]
  0x0000000019b3a800 JavaThread "Thread-9" [_thread_blocked, id=22312, stack(0x000000001ba50000,0x000000001bb50000)]
  0x0000000019b34000 JavaThread "Stdin handler" [_thread_blocked, id=22692, stack(0x000000001b950000,0x000000001ba50000)]
  0x0000000019b63800 JavaThread "Asynchronous log dispatcher for DefaultDaemonConnection: socket connection from /127.0.0.1:50644 to /127.0.0.1:50645" [_thread_blocked, id=7876, stack(0x000000001b850000,0x000000001b950000)]
  0x0000000019b35800 JavaThread "Daemon worker" [_thread_in_vm, id=12428, stack(0x000000001b750000,0x000000001b850000)]
  0x0000000019b6f000 JavaThread "Cancel handler" [_thread_blocked, id=25072, stack(0x000000001b650000,0x000000001b750000)]
  0x0000000019a86000 JavaThread "Handler for socket connection from /127.0.0.1:50644 to /127.0.0.1:50645" [_thread_in_native, id=21152, stack(0x000000001b350000,0x000000001b450000)]
  0x0000000019aad800 JavaThread "Daemon" [_thread_blocked, id=9396, stack(0x000000001b250000,0x000000001b350000)]
  0x0000000019a67000 JavaThread "Daemon periodic checks" [_thread_blocked, id=12224, stack(0x000000001b150000,0x000000001b250000)]
  0x00000000183d2800 JavaThread "Incoming local TCP Connector on port 50644" [_thread_in_native, id=15352, stack(0x000000001af10000,0x000000001b010000)]
  0x00000000199af000 JavaThread "Daemon health stats" [_thread_blocked, id=10852, stack(0x000000001a8d0000,0x000000001a9d0000)]
  0x0000000017b58800 JavaThread "Service Thread" daemon [_thread_blocked, id=2184, stack(0x0000000017f30000,0x0000000018030000)]
=>0x00000000161e2800 JavaThread "C1 CompilerThread2" daemon [_thread_in_native, id=15752, stack(0x0000000017a30000,0x0000000017b30000)]
  0x00000000161db800 JavaThread "C2 CompilerThread1" daemon [_thread_in_native, id=10708, stack(0x0000000017930000,0x0000000017a30000)]
  0x00000000161e8000 JavaThread "C2 CompilerThread0" daemon [_thread_in_native, id=21460, stack(0x0000000017830000,0x0000000017930000)]
  0x00000000161e7000 JavaThread "Attach Listener" daemon [_thread_blocked, id=8136, stack(0x0000000017730000,0x0000000017830000)]
  0x00000000161e5800 JavaThread "Signal Dispatcher" daemon [_thread_blocked, id=8320, stack(0x0000000017630000,0x0000000017730000)]
  0x000000000286c800 JavaThread "Finalizer" daemon [_thread_blocked, id=6536, stack(0x0000000017440000,0x0000000017540000)]
  0x00000000161c9000 JavaThread "Reference Handler" daemon [_thread_blocked, id=26452, stack(0x0000000017340000,0x0000000017440000)]
  0x0000000000ded800 JavaThread "main" [_thread_blocked, id=9520, stack(0x0000000002670000,0x0000000002770000)]

Other Threads:
  0x00000000161a5800 VMThread [stack: 0x0000000017240000,0x0000000017340000] [id=12028]
  0x000000001623e000 WatcherThread [stack: 0x0000000018030000,0x0000000018130000] [id=9872]

VM state:not at safepoint (normal execution)

VM Mutex/Monitor currently owned by a thread: None

heap address: 0x00000000a0000000, size: 1536 MB, Compressed Oops mode: 32-bit
Narrow klass base: 0x0000000000000000, Narrow klass shift: 3
Compressed class space size: 1073741824 Address: 0x0000000100000000

Heap:
 PSYoungGen      total 37376K, used 18703K [0x00000000e0000000, 0x00000000e4a00000, 0x0000000100000000)
  eden space 31744K, 42% used [0x00000000e0000000,0x00000000e0d1aba8,0x00000000e1f00000)
  from space 5632K, 93% used [0x00000000e1f00000,0x00000000e2429190,0x00000000e2480000)
  to   space 6144K, 0% used [0x00000000e4400000,0x00000000e4400000,0x00000000e4a00000)
 ParOldGen       total 44032K, used 4413K [0x00000000a0000000, 0x00000000a2b00000, 0x00000000e0000000)
  object space 44032K, 10% used [0x00000000a0000000,0x00000000a044f4e0,0x00000000a2b00000)
 Metaspace       used 15961K, capacity 16430K, committed 16640K, reserved 1062912K
  class space    used 2263K, capacity 2435K, committed 2560K, reserved 1048576K

Card table byte_map: [0x0000000011c30000,0x0000000011f40000] byte_map_base: 0x0000000011730000

Marking Bits: (ParMarkBitMap*) 0x000000006e079f30
 Begin Bits: [0x0000000012540000, 0x0000000013d40000)
 End Bits:   [0x0000000013d40000, 0x0000000015540000)

Polling page: 0x0000000000d90000

CodeCache: size=245760Kb used=5387Kb max_used=5387Kb free=240372Kb
 bounds [0x0000000002870000, 0x0000000002dc0000, 0x0000000011870000]
 total_blobs=1969 nmethods=1578 adapters=304
 compilation: enabled

Compilation events (10 events):
Event: 3.198 Thread 0x00000000161e2800 nmethod 1580 0x0000000002db3b10 code [0x0000000002db3c60, 0x0000000002db3dd0]
Event: 3.199 Thread 0x00000000161e2800 1581       3       sun.misc.ProxyGenerator::dotToSlash (9 bytes)
Event: 3.199 Thread 0x00000000161e2800 nmethod 1581 0x0000000002db3e50 code [0x0000000002db3fc0, 0x0000000002db41c8]
Event: 3.213 Thread 0x00000000161e2800 1582       3       org.gradle.internal.service.DefaultServiceRegistry$ManagedObjectServiceProvider::requiredBy (20 bytes)
Event: 3.214 Thread 0x00000000161e2800 nmethod 1582 0x0000000002db4290 code [0x0000000002db4420, 0x0000000002db4948]
Event: 3.214 Thread 0x00000000161e2800 1583       3       org.gradle.internal.service.DefaultServiceRegistry$ManagedObjectServiceProvider::fromSameRegistry (27 bytes)
Event: 3.214 Thread 0x00000000161e2800 nmethod 1583 0x0000000002db4a90 code [0x0000000002db4c00, 0x0000000002db4fd0]
Event: 3.214 Thread 0x00000000161e2800 1584       3       org.gradle.internal.service.DefaultServiceRegistry::access$1500 (6 bytes)
Event: 3.214 Thread 0x00000000161e2800 nmethod 1584 0x0000000002db5090 code [0x0000000002db5200, 0x0000000002db5368]
Event: 3.238 Thread 0x00000000161e2800 1585       3       java.lang.String::lastIndexOf (151 bytes)

GC Heap History (10 events):
Event: 1.488 GC heap before
{Heap before GC invocations=3 (full 0):
 PSYoungGen      total 18944K, used 18914K [0x00000000e0000000, 0x00000000e1500000, 0x0000000100000000)
  eden space 16384K, 100% used [0x00000000e0000000,0x00000000e1000000,0x00000000e1000000)
  from space 2560K, 98% used [0x00000000e1280000,0x00000000e14f89f8,0x00000000e1500000)
  to   space 2560K, 0% used [0x00000000e1000000,0x00000000e1000000,0x00000000e1280000)
 ParOldGen       total 44032K, used 523K [0x00000000a0000000, 0x00000000a2b00000, 0x00000000e0000000)
  object space 44032K, 1% used [0x00000000a0000000,0x00000000a0082d10,0x00000000a2b00000)
 Metaspace       used 6807K, capacity 6960K, committed 7040K, reserved 1056768K
  class space    used 825K, capacity 876K, committed 896K, reserved 1048576K
Event: 1.490 GC heap after
Heap after GC invocations=3 (full 0):
 PSYoungGen      total 18944K, used 2232K [0x00000000e0000000, 0x00000000e1500000, 0x0000000100000000)
  eden space 16384K, 0% used [0x00000000e0000000,0x00000000e0000000,0x00000000e1000000)
  from space 2560K, 87% used [0x00000000e1000000,0x00000000e122e370,0x00000000e1280000)
  to   space 2560K, 0% used [0x00000000e1280000,0x00000000e1280000,0x00000000e1500000)
 ParOldGen       total 44032K, used 531K [0x00000000a0000000, 0x00000000a2b00000, 0x00000000e0000000)
  object space 44032K, 1% used [0x00000000a0000000,0x00000000a0084d10,0x00000000a2b00000)
 Metaspace       used 6807K, capacity 6960K, committed 7040K, reserved 1056768K
  class space    used 825K, capacity 876K, committed 896K, reserved 1048576K
}
Event: 1.637 GC heap before
{Heap before GC invocations=4 (full 0):
 PSYoungGen      total 18944K, used 18616K [0x00000000e0000000, 0x00000000e1500000, 0x0000000100000000)
  eden space 16384K, 100% used [0x00000000e0000000,0x00000000e1000000,0x00000000e1000000)
  from space 2560K, 87% used [0x00000000e1000000,0x00000000e122e370,0x00000000e1280000)
  to   space 2560K, 0% used [0x00000000e1280000,0x00000000e1280000,0x00000000e1500000)
 ParOldGen       total 44032K, used 531K [0x00000000a0000000, 0x00000000a2b00000, 0x00000000e0000000)
  object space 44032K, 1% used [0x00000000a0000000,0x00000000a0084d10,0x00000000a2b00000)
 Metaspace       used 7045K, capacity 7210K, committed 7424K, reserved 1056768K
  class space    used 871K, capacity 917K, committed 1024K, reserved 1048576K
Event: 1.640 GC heap after
Heap after GC invocations=4 (full 0):
 PSYoungGen      total 18944K, used 2560K [0x00000000e0000000, 0x00000000e2500000, 0x0000000100000000)
  eden space 16384K, 0% used [0x00000000e0000000,0x00000000e0000000,0x00000000e1000000)
  from space 2560K, 100% used [0x00000000e1280000,0x00000000e1500000,0x00000000e1500000)
  to   space 2560K, 0% used [0x00000000e1000000,0x00000000e1000000,0x00000000e1280000)
 ParOldGen       total 44032K, used 1093K [0x00000000a0000000, 0x00000000a2b00000, 0x00000000e0000000)
  object space 44032K, 2% used [0x00000000a0000000,0x00000000a01115a8,0x00000000a2b00000)
 Metaspace       used 7045K, capacity 7210K, committed 7424K, reserved 1056768K
  class space    used 871K, capacity 917K, committed 1024K, reserved 1048576K
}
Event: 1.893 GC heap before
{Heap before GC invocations=5 (full 0):
 PSYoungGen      total 18944K, used 18944K [0x00000000e0000000, 0x00000000e2500000, 0x0000000100000000)
  eden space 16384K, 100% used [0x00000000e0000000,0x00000000e1000000,0x00000000e1000000)
  from space 2560K, 100% used [0x00000000e1280000,0x00000000e1500000,0x00000000e1500000)
  to   space 2560K, 0% used [0x00000000e1000000,0x00000000e1000000,0x00000000e1280000)
 ParOldGen       total 44032K, used 1093K [0x00000000a0000000, 0x00000000a2b00000, 0x00000000e0000000)
  object space 44032K, 2% used [0x00000000a0000000,0x00000000a01115a8,0x00000000a2b00000)
 Metaspace       used 9361K, capacity 9598K, committed 9856K, reserved 1058816K
  class space    used 1235K, capacity 1325K, committed 1408K, reserved 1048576K
Event: 1.899 GC heap after
Heap after GC invocations=5 (full 0):
 PSYoungGen      total 18944K, used 2528K [0x00000000e0000000, 0x00000000e2900000, 0x0000000100000000)
  eden space 16384K, 0% used [0x00000000e0000000,0x00000000e0000000,0x00000000e1000000)
  from space 2560K, 98% used [0x00000000e1000000,0x00000000e1278020,0x00000000e1280000)
  to   space 4608K, 0% used [0x00000000e2480000,0x00000000e2480000,0x00000000e2900000)
 ParOldGen       total 44032K, used 2914K [0x00000000a0000000, 0x00000000a2b00000, 0x00000000e0000000)
  object space 44032K, 6% used [0x00000000a0000000,0x00000000a02d8af0,0x00000000a2b00000)
 Metaspace       used 9361K, capacity 9598K, committed 9856K, reserved 1058816K
  class space    used 1235K, capacity 1325K, committed 1408K, reserved 1048576K
}
Event: 2.495 GC heap before
{Heap before GC invocations=6 (full 0):
 PSYoungGen      total 18944K, used 18912K [0x00000000e0000000, 0x00000000e2900000, 0x0000000100000000)
  eden space 16384K, 100% used [0x00000000e0000000,0x00000000e1000000,0x00000000e1000000)
  from space 2560K, 98% used [0x00000000e1000000,0x00000000e1278020,0x00000000e1280000)
  to   space 4608K, 0% used [0x00000000e2480000,0x00000000e2480000,0x00000000e2900000)
 ParOldGen       total 44032K, used 2914K [0x00000000a0000000, 0x00000000a2b00000, 0x00000000e0000000)
  object space 44032K, 6% used [0x00000000a0000000,0x00000000a02d8af0,0x00000000a2b00000)
 Metaspace       used 12432K, capacity 12762K, committed 12928K, reserved 1060864K
  class space    used 1678K, capacity 1803K, committed 1920K, reserved 1048576K
Event: 2.503 GC heap after
Heap after GC invocations=6 (full 0):
 PSYoungGen      total 36352K, used 4592K [0x00000000e0000000, 0x00000000e2b00000, 0x0000000100000000)
  eden space 31744K, 0% used [0x00000000e0000000,0x00000000e0000000,0x00000000e1f00000)
  from space 4608K, 99% used [0x00000000e2480000,0x00000000e28fc010,0x00000000e2900000)
  to   space 5632K, 0% used [0x00000000e1f00000,0x00000000e1f00000,0x00000000e2480000)
 ParOldGen       total 44032K, used 3105K [0x00000000a0000000, 0x00000000a2b00000, 0x00000000e0000000)
  object space 44032K, 7% used [0x00000000a0000000,0x00000000a0308480,0x00000000a2b00000)
 Metaspace       used 12432K, capacity 12762K, committed 12928K, reserved 1060864K
  class space    used 1678K, capacity 1803K, committed 1920K, reserved 1048576K
}
Event: 2.889 GC heap before
{Heap before GC invocations=7 (full 0):
 PSYoungGen      total 36352K, used 36336K [0x00000000e0000000, 0x00000000e2b00000, 0x0000000100000000)
  eden space 31744K, 100% used [0x00000000e0000000,0x00000000e1f00000,0x00000000e1f00000)
  from space 4608K, 99% used [0x00000000e2480000,0x00000000e28fc010,0x00000000e2900000)
  to   space 5632K, 0% used [0x00000000e1f00000,0x00000000e1f00000,0x00000000e2480000)
 ParOldGen       total 44032K, used 3105K [0x00000000a0000000, 0x00000000a2b00000, 0x00000000e0000000)
  object space 44032K, 7% used [0x00000000a0000000,0x00000000a0308480,0x00000000a2b00000)
 Metaspace       used 14622K, capacity 14982K, committed 15232K, reserved 1062912K
  class space    used 2047K, capacity 2161K, committed 2176K, reserved 1048576K
Event: 2.905 GC heap after
Heap after GC invocations=7 (full 0):
 PSYoungGen      total 37376K, used 5284K [0x00000000e0000000, 0x00000000e4a00000, 0x0000000100000000)
  eden space 31744K, 0% used [0x00000000e0000000,0x00000000e0000000,0x00000000e1f00000)
  from space 5632K, 93% used [0x00000000e1f00000,0x00000000e2429190,0x00000000e2480000)
  to   space 6144K, 0% used [0x00000000e4400000,0x00000000e4400000,0x00000000e4a00000)
 ParOldGen       total 44032K, used 4413K [0x00000000a0000000, 0x00000000a2b00000, 0x00000000e0000000)
  object space 44032K, 10% used [0x00000000a0000000,0x00000000a044f4e0,0x00000000a2b00000)
 Metaspace       used 14622K, capacity 14982K, committed 15232K, reserved 1062912K
  class space    used 2047K, capacity 2161K, committed 2176K, reserved 1048576K
}

Deoptimization events (10 events):
Event: 2.057 Thread 0x0000000000ded800 Uncommon trap: reason=unstable_if action=reinterpret pc=0x0000000002b0b488 method=java.io.WinNTFileSystem.normalize(Ljava/lang/String;)Ljava/lang/String; @ 128
Event: 2.332 Thread 0x0000000019a86000 Uncommon trap: reason=unstable_if action=reinterpret pc=0x0000000002c4e8b0 method=java.util.concurrent.ConcurrentHashMap.putVal(Ljava/lang/Object;Ljava/lang/Object;Z)Ljava/lang/Object; @ 206
Event: 2.406 Thread 0x0000000019b35800 Uncommon trap: reason=bimorphic action=maybe_recompile pc=0x0000000002ac9e8c method=java.util.HashMap.putVal(ILjava/lang/Object;Ljava/lang/Object;ZZ)Ljava/lang/Object; @ 253
Event: 2.406 Thread 0x0000000019b35800 Uncommon trap: reason=bimorphic action=maybe_recompile pc=0x0000000002ac9e8c method=java.util.HashMap.putVal(ILjava/lang/Object;Ljava/lang/Object;ZZ)Ljava/lang/Object; @ 253
Event: 2.406 Thread 0x0000000019b35800 Uncommon trap: reason=bimorphic action=maybe_recompile pc=0x0000000002ac9e8c method=java.util.HashMap.putVal(ILjava/lang/Object;Ljava/lang/Object;ZZ)Ljava/lang/Object; @ 253
Event: 2.633 Thread 0x0000000019b35800 Uncommon trap: reason=class_check action=maybe_recompile pc=0x0000000002b47bd8 method=java.util.regex.Matcher.match(II)Z @ 86
Event: 2.645 Thread 0x0000000019b35800 Uncommon trap: reason=class_check action=maybe_recompile pc=0x0000000002b47bd8 method=java.util.regex.Matcher.match(II)Z @ 86
Event: 2.646 Thread 0x0000000019b35800 Uncommon trap: reason=class_check action=maybe_recompile pc=0x0000000002b47bd8 method=java.util.regex.Matcher.match(II)Z @ 86
Event: 2.646 Thread 0x0000000019b35800 Uncommon trap: reason=class_check action=maybe_recompile pc=0x0000000002b007dc method=java.util.regex.Matcher.match(II)Z @ 86
Event: 3.125 Thread 0x0000000019b35800 Uncommon trap: reason=unstable_if action=reinterpret pc=0x0000000002cfe8f4 method=java.lang.String.lastIndexOf([CII[CIII)I @ 66

Classes redefined (0 events):
No events

Internal exceptions (10 events):
Event: 2.341 Thread 0x0000000019a86000 Exception <a 'java/lang/NoSuchMethodError': <clinit>> (0x00000000e076c7c0) thrown at [D:\src\AOSP-openjdk-cygwin\jdk8u\hotspot\src\share\vm\prims\jni.cpp, line 1614]
Event: 2.343 Thread 0x0000000019a86000 Exception <a 'java/lang/NoSuchMethodError': <clinit>> (0x00000000e0784790) thrown at [D:\src\AOSP-openjdk-cygwin\jdk8u\hotspot\src\share\vm\prims\jni.cpp, line 1614]
Event: 2.344 Thread 0x0000000019a86000 Exception <a 'java/lang/NoSuchMethodError': <clinit>> (0x00000000e078d420) thrown at [D:\src\AOSP-openjdk-cygwin\jdk8u\hotspot\src\share\vm\prims\jni.cpp, line 1614]
Event: 2.348 Thread 0x0000000019a86000 Exception <a 'java/lang/NoSuchMethodError': <clinit>> (0x00000000e07a3a48) thrown at [D:\src\AOSP-openjdk-cygwin\jdk8u\hotspot\src\share\vm\prims\jni.cpp, line 1614]
Event: 2.358 Thread 0x0000000019a86000 Exception <a 'java/lang/NoSuchMethodError': <clinit>> (0x00000000e080d470) thrown at [D:\src\AOSP-openjdk-cygwin\jdk8u\hotspot\src\share\vm\prims\jni.cpp, line 1614]
Event: 2.366 Thread 0x0000000019a86000 Exception <a 'java/lang/NoSuchMethodError': <clinit>> (0x00000000e0839fb8) thrown at [D:\src\AOSP-openjdk-cygwin\jdk8u\hotspot\src\share\vm\prims\jni.cpp, line 1614]
Event: 2.370 Thread 0x0000000019a86000 Exception <a 'java/lang/NoSuchMethodError': <clinit>> (0x00000000e0857918) thrown at [D:\src\AOSP-openjdk-cygwin\jdk8u\hotspot\src\share\vm\prims\jni.cpp, line 1614]
Event: 3.010 Thread 0x0000000019b35800 Exception <a 'java/lang/NoSuchMethodError': java.lang.Object.lambda$and$0(Ljava/util/function/Predicate;Ljava/lang/Object;)Z> (0x00000000e0569300) thrown at [D:\src\AOSP-openjdk-cygwin\jdk8u\hotspot\src\share\vm\interpreter\linkResolver.cpp, line 620]
Event: 3.046 Thread 0x0000000019b35800 Exception <a 'java/lang/IncompatibleClassChangeError': Found class java.lang.Object, but interface was expected> (0x00000000e057f5e8) thrown at [D:\src\AOSP-openjdk-cygwin\jdk8u\hotspot\src\share\vm\interpreter\linkResolver.cpp, line 653]
Event: 3.054 Thread 0x0000000019b35800 Exception <a 'java/lang/NoSuchMethodError': java.lang.Object.lambda$or$2(Ljava/util/function/Predicate;Ljava/lang/Object;)Z> (0x00000000e05844f8) thrown at [D:\src\AOSP-openjdk-cygwin\jdk8u\hotspot\src\share\vm\interpreter\linkResolver.cpp, line 620]

Events (10 events):
Event: 3.237 loading class org/gradle/cache/internal/DefaultCrossBuildInMemoryCacheFactory$DefaultClassMap$1
Event: 3.237 loading class org/gradle/cache/internal/DefaultCrossBuildInMemoryCacheFactory$DefaultClassMap$1 done
Event: 3.237 loading class org/gradle/internal/instantiation/AbstractClassGenerator$ServicesPropertyHandler
Event: 3.237 loading class org/gradle/internal/instantiation/AbstractClassGenerator$ServicesPropertyHandler done
Event: 3.237 loading class org/gradle/internal/instantiation/AbstractClassGenerator$ClassGenerationHandler
Event: 3.237 loading class org/gradle/internal/instantiation/AbstractClassGenerator$ClassGenerationHandler done
Event: 3.238 loading class org/gradle/internal/instantiation/AbstractClassGenerator$InjectAnnotationPropertyHandler
Event: 3.238 loading class org/gradle/internal/instantiation/AbstractClassGenerator$InjectAnnotationPropertyHandler done
Event: 3.238 loading class org/gradle/internal/instantiation/AbstractClassGenerator$AbstractInjectedPropertyHandler
Event: 3.238 loading class org/gradle/internal/instantiation/AbstractClassGenerator$AbstractInjectedPropertyHandler done


Dynamic libraries:
0x00007ff7b2f50000 - 0x00007ff7b2f81000 	C:\Program Files\Android\Android Studio\jre\bin\java.exe
0x00007ffc31d80000 - 0x00007ffc31f61000 	C:\Windows\SYSTEM32\ntdll.dll
0x00007ffc2f370000 - 0x00007ffc2f422000 	C:\Windows\System32\KERNEL32.DLL
0x00007ffc2e690000 - 0x00007ffc2e903000 	C:\Windows\System32\KERNELBASE.dll
0x00007ffc31bb0000 - 0x00007ffc31c51000 	C:\Windows\System32\ADVAPI32.dll
0x00007ffc31730000 - 0x00007ffc317ce000 	C:\Windows\System32\msvcrt.dll
0x00007ffc319c0000 - 0x00007ffc31a1b000 	C:\Windows\System32\sechost.dll
0x00007ffc31a80000 - 0x00007ffc31ba4000 	C:\Windows\System32\RPCRT4.dll
0x00007ffc31830000 - 0x00007ffc319c0000 	C:\Windows\System32\USER32.dll
0x00007ffc2e4c0000 - 0x00007ffc2e4e0000 	C:\Windows\System32\win32u.dll
0x00007ffc2f910000 - 0x00007ffc2f938000 	C:\Windows\System32\GDI32.dll
0x00007ffc2e2a0000 - 0x00007ffc2e432000 	C:\Windows\System32\gdi32full.dll
0x00007ffc2e4e0000 - 0x00007ffc2e57f000 	C:\Windows\System32\msvcp_win.dll
0x00007ffc2e150000 - 0x00007ffc2e24a000 	C:\Windows\System32\ucrtbase.dll
0x00007ffc1dd40000 - 0x00007ffc1dfa9000 	C:\Windows\WinSxS\amd64_microsoft.windows.common-controls_6595b64144ccf1df_6.0.17134.1_none_e4da93291059d8fb\COMCTL32.dll
0x00007ffc2f5d0000 - 0x00007ffc2f8f3000 	C:\Windows\System32\combase.dll
0x00007ffc2e440000 - 0x00007ffc2e4ba000 	C:\Windows\System32\bcryptPrimitives.dll
0x00007ffc315c0000 - 0x00007ffc315ed000 	C:\Windows\System32\IMM32.DLL
0x000000006e910000 - 0x000000006e9e2000 	C:\Program Files\Android\Android Studio\jre\jre\bin\msvcr100.dll
0x000000006d8b0000 - 0x000000006e0f6000 	C:\Program Files\Android\Android Studio\jre\jre\bin\server\jvm.dll
0x00007ffc31650000 - 0x00007ffc31658000 	C:\Windows\System32\PSAPI.DLL
0x00007ffc21e80000 - 0x00007ffc21e89000 	C:\Windows\SYSTEM32\WSOCK32.dll
0x00007ffc2b4a0000 - 0x00007ffc2b4c3000 	C:\Windows\SYSTEM32\WINMM.dll
0x00007ffc2fdb0000 - 0x00007ffc2fe1c000 	C:\Windows\System32\WS2_32.dll
0x00007ffc2b160000 - 0x00007ffc2b18a000 	C:\Windows\SYSTEM32\winmmbase.dll
0x00007ffc2e250000 - 0x00007ffc2e299000 	C:\Windows\System32\cfgmgr32.dll
0x00007ffc232a0000 - 0x00007ffc232aa000 	C:\Windows\SYSTEM32\VERSION.dll
0x00007ffc21e70000 - 0x00007ffc21e7f000 	C:\Program Files\Android\Android Studio\jre\jre\bin\verify.dll
0x00007ffc1fa30000 - 0x00007ffc1fa59000 	C:\Program Files\Android\Android Studio\jre\jre\bin\java.dll
0x00007ffc1fa10000 - 0x00007ffc1fa26000 	C:\Program Files\Android\Android Studio\jre\jre\bin\zip.dll
0x00007ffc2fea0000 - 0x00007ffc312e0000 	C:\Windows\System32\SHELL32.dll
0x00007ffc31390000 - 0x00007ffc31439000 	C:\Windows\System32\shcore.dll
0x00007ffc2e910000 - 0x00007ffc2f01d000 	C:\Windows\System32\windows.storage.dll
0x00007ffc31a20000 - 0x00007ffc31a71000 	C:\Windows\System32\shlwapi.dll
0x00007ffc2e0e0000 - 0x00007ffc2e0f1000 	C:\Windows\System32\kernel.appcore.dll
0x00007ffc2e100000 - 0x00007ffc2e11f000 	C:\Windows\System32\profapi.dll
0x00007ffc2e090000 - 0x00007ffc2e0dc000 	C:\Windows\System32\powrprof.dll
0x00007ffc2e140000 - 0x00007ffc2e14a000 	C:\Windows\System32\FLTLIB.DLL
0x00007ffc17770000 - 0x00007ffc1778a000 	C:\Program Files\Android\Android Studio\jre\jre\bin\net.dll
0x00007ffc23eb0000 - 0x00007ffc2407c000 	C:\Windows\SYSTEM32\urlmon.dll
0x00007ffc23bc0000 - 0x00007ffc23e62000 	C:\Windows\SYSTEM32\iertutil.dll
0x00007ffc2dae0000 - 0x00007ffc2daeb000 	C:\Windows\SYSTEM32\CRYPTBASE.DLL
0x00007ffc2d910000 - 0x00007ffc2d976000 	C:\Windows\system32\mswsock.dll
0x00007ffc144f0000 - 0x00007ffc14503000 	C:\Program Files\Android\Android Studio\jre\jre\bin\nio.dll
0x00007ffc155d0000 - 0x00007ffc155f6000 	C:\Users\Admin\.gradle\native\30\windows-amd64\native-platform.dll
0x00007ffc21d80000 - 0x00007ffc21d8d000 	C:\Program Files\Android\Android Studio\jre\jre\bin\management.dll
0x00007ffc2dac0000 - 0x00007ffc2dad7000 	C:\Windows\SYSTEM32\CRYPTSP.dll
0x00007ffc2d4f0000 - 0x00007ffc2d523000 	C:\Windows\system32\rsaenh.dll
0x00007ffc2dbf0000 - 0x00007ffc2dc15000 	C:\Windows\SYSTEM32\bcrypt.dll
0x00007ffc2df90000 - 0x00007ffc2dfb8000 	C:\Windows\SYSTEM32\USERENV.dll
0x00007ffc2d690000 - 0x00007ffc2d6c8000 	C:\Windows\SYSTEM32\IPHLPAPI.DLL
0x00007ffc2f900000 - 0x00007ffc2f908000 	C:\Windows\System32\NSI.dll
0x00007ffc27aa0000 - 0x00007ffc27ab6000 	C:\Windows\SYSTEM32\dhcpcsvc6.DLL
0x00007ffc27d40000 - 0x00007ffc27d5a000 	C:\Windows\SYSTEM32\dhcpcsvc.DLL

VM Arguments:
jvm_args: -Xmx1536m -Dfile.encoding=windows-1252 -Duser.country=US -Duser.language=en -Duser.variant 
java_command: org.gradle.launcher.daemon.bootstrap.GradleDaemon 5.6.4
java_class_path (initial): C:\Users\Admin\.gradle\wrapper\dists\gradle-5.6.4-all\ankdp27end7byghfw1q2sw75f\gradle-5.6.4\lib\gradle-launcher-5.6.4.jar
Launcher Type: SUN_STANDARD

Environment Variables:
PATH=C:\Windows\system32;C:\Windows;C:\Windows\System32\Wbem;C:\Windows\System32\WindowsPowerShell\v1.0\;C:\Windows\System32\OpenSSH\;C:\Program Files\Git\cmd;C:\Program Files\Java\jdk-11.0.6\bin;C:\Users\Admin\AppData\Local\Microsoft\WindowsApps;
USERNAME=Admin
OS=Windows_NT
PROCESSOR_IDENTIFIER=Intel64 Family 6 Model 69 Stepping 1, GenuineIntel



---------------  S Y S T E M  ---------------

OS: Windows 10.0 , 64 bit Build 17134 (10.0.17134.1)

CPU:total 4 (initial active 4) (2 cores per cpu, 2 threads per core) family 6 model 69 stepping 1, cmov, cx8, fxsr, mmx, sse, sse2, sse3, ssse3, sse4.1, sse4.2, popcnt, avx, avx2, aes, clmul, erms, lzcnt, ht, tsc, tscinvbit, bmi1, bmi2

Memory: 4k page, physical 4104556k(378324k free), swap 14613608k(4112k free)

vm_info: OpenJDK 64-Bit Server VM (25.212-b04) for windows-amd64 JRE (1.8.0_212-release-1586-b04), built by "builder" with MS VC++ 10.0 (VS2010)

time: Wed Apr 22 21:43:20 2020
timezone: SE Asia Standard Time
elapsed time: 3 seconds (0d 0h 0m 3s)

